

Started GET "/" for 192.168.1.31 at 2015-02-14 11:32:54 -0800
Processing by Rails::WelcomeController#index as HTML
  Rendered /home/skynet/.rvm/gems/ruby-2.1.5/gems/railties-4.1.8/lib/rails/templates/rails/welcome/index.html.erb (13.9ms)
Completed 200 OK in 75ms (Views: 56.4ms | ActiveRecord: 0.0ms)
  [1m[36m (156.4ms)[0m  [1mCREATE TABLE "schema_migrations" ("version" varchar(255) NOT NULL) [0m
  [1m[35m (0.4ms)[0m  select sqlite_version(*)
  [1m[36m (186.9ms)[0m  [1mCREATE UNIQUE INDEX "unique_schema_migrations" ON "schema_migrations" ("version")[0m
  [1m[35mActiveRecord::SchemaMigration Load (0.5ms)[0m  SELECT "schema_migrations".* FROM "schema_migrations"
Migrating to CreateHomes (20150214193907)
  [1m[36m (0.2ms)[0m  [1mbegin transaction[0m
  [1m[35m (0.3ms)[0m  rollback transaction
  [1m[36m (113.8ms)[0m  [1mCREATE TABLE "schema_migrations" ("version" varchar(255) NOT NULL) [0m
  [1m[35m (0.4ms)[0m  select sqlite_version(*)
  [1m[36m (120.2ms)[0m  [1mCREATE UNIQUE INDEX "unique_schema_migrations" ON "schema_migrations" ("version")[0m
  [1m[35mActiveRecord::SchemaMigration Load (0.4ms)[0m  SELECT "schema_migrations".* FROM "schema_migrations"
Migrating to CreateHomes (20150214195032)
  [1m[36m (0.3ms)[0m  [1mbegin transaction[0m
  [1m[35m (1.5ms)[0m  CREATE TABLE "homes" ("id" INTEGER PRIMARY KEY AUTOINCREMENT NOT NULL, "test" varchar(255), "created_at" datetime, "updated_at" datetime) 
  [1m[36mSQL (0.8ms)[0m  [1mINSERT INTO "schema_migrations" ("version") VALUES (?)[0m  [["version", "20150214195032"]]
  [1m[35m (160.3ms)[0m  commit transaction
  [1m[36mActiveRecord::SchemaMigration Load (0.1ms)[0m  [1mSELECT "schema_migrations".* FROM "schema_migrations"[0m


Started GET "/" for 192.168.1.31 at 2015-02-14 11:53:31 -0800
  [1m[36mActiveRecord::SchemaMigration Load (0.2ms)[0m  [1mSELECT "schema_migrations".* FROM "schema_migrations"[0m
Processing by Rails::WelcomeController#index as HTML
  Rendered /home/skynet/.rvm/gems/ruby-2.1.5/gems/railties-4.1.8/lib/rails/templates/rails/welcome/index.html.erb (2.8ms)
Completed 200 OK in 28ms (Views: 11.1ms | ActiveRecord: 0.0ms)


Started GET "/" for 192.168.1.31 at 2015-02-14 11:55:57 -0800
  [1m[36mActiveRecord::SchemaMigration Load (0.3ms)[0m  [1mSELECT "schema_migrations".* FROM "schema_migrations"[0m

ActionController::RoutingError (uninitialized constant HomeController):
  activesupport (4.1.8) lib/active_support/inflector/methods.rb:238:in `const_get'
  activesupport (4.1.8) lib/active_support/inflector/methods.rb:238:in `block in constantize'
  activesupport (4.1.8) lib/active_support/inflector/methods.rb:236:in `each'
  activesupport (4.1.8) lib/active_support/inflector/methods.rb:236:in `inject'
  activesupport (4.1.8) lib/active_support/inflector/methods.rb:236:in `constantize'
  actionpack (4.1.8) lib/action_dispatch/routing/route_set.rb:78:in `controller_reference'
  actionpack (4.1.8) lib/action_dispatch/routing/route_set.rb:68:in `controller'
  actionpack (4.1.8) lib/action_dispatch/routing/route_set.rb:46:in `call'
  actionpack (4.1.8) lib/action_dispatch/journey/router.rb:73:in `block in call'
  actionpack (4.1.8) lib/action_dispatch/journey/router.rb:59:in `each'
  actionpack (4.1.8) lib/action_dispatch/journey/router.rb:59:in `call'
  actionpack (4.1.8) lib/action_dispatch/routing/route_set.rb:678:in `call'
  rack (1.5.2) lib/rack/etag.rb:23:in `call'
  rack (1.5.2) lib/rack/conditionalget.rb:25:in `call'
  rack (1.5.2) lib/rack/head.rb:11:in `call'
  actionpack (4.1.8) lib/action_dispatch/middleware/params_parser.rb:27:in `call'
  actionpack (4.1.8) lib/action_dispatch/middleware/flash.rb:254:in `call'
  rack (1.5.2) lib/rack/session/abstract/id.rb:225:in `context'
  rack (1.5.2) lib/rack/session/abstract/id.rb:220:in `call'
  actionpack (4.1.8) lib/action_dispatch/middleware/cookies.rb:560:in `call'
  activerecord (4.1.8) lib/active_record/query_cache.rb:36:in `call'
  activerecord (4.1.8) lib/active_record/connection_adapters/abstract/connection_pool.rb:621:in `call'
  activerecord (4.1.8) lib/active_record/migration.rb:380:in `call'
  actionpack (4.1.8) lib/action_dispatch/middleware/callbacks.rb:29:in `block in call'
  activesupport (4.1.8) lib/active_support/callbacks.rb:82:in `run_callbacks'
  actionpack (4.1.8) lib/action_dispatch/middleware/callbacks.rb:27:in `call'
  actionpack (4.1.8) lib/action_dispatch/middleware/reloader.rb:73:in `call'
  actionpack (4.1.8) lib/action_dispatch/middleware/remote_ip.rb:76:in `call'
  actionpack (4.1.8) lib/action_dispatch/middleware/debug_exceptions.rb:17:in `call'
  actionpack (4.1.8) lib/action_dispatch/middleware/show_exceptions.rb:30:in `call'
  railties (4.1.8) lib/rails/rack/logger.rb:38:in `call_app'
  railties (4.1.8) lib/rails/rack/logger.rb:20:in `block in call'
  activesupport (4.1.8) lib/active_support/tagged_logging.rb:68:in `block in tagged'
  activesupport (4.1.8) lib/active_support/tagged_logging.rb:26:in `tagged'
  activesupport (4.1.8) lib/active_support/tagged_logging.rb:68:in `tagged'
  railties (4.1.8) lib/rails/rack/logger.rb:20:in `call'
  actionpack (4.1.8) lib/action_dispatch/middleware/request_id.rb:21:in `call'
  rack (1.5.2) lib/rack/methodoverride.rb:21:in `call'
  rack (1.5.2) lib/rack/runtime.rb:17:in `call'
  activesupport (4.1.8) lib/active_support/cache/strategy/local_cache_middleware.rb:26:in `call'
  rack (1.5.2) lib/rack/lock.rb:17:in `call'
  actionpack (4.1.8) lib/action_dispatch/middleware/static.rb:84:in `call'
  rack (1.5.2) lib/rack/sendfile.rb:112:in `call'
  railties (4.1.8) lib/rails/engine.rb:514:in `call'
  railties (4.1.8) lib/rails/application.rb:144:in `call'
  rack (1.5.2) lib/rack/lock.rb:17:in `call'
  rack (1.5.2) lib/rack/content_length.rb:14:in `call'
  rack (1.5.2) lib/rack/handler/webrick.rb:60:in `service'
  /home/skynet/.rvm/rubies/ruby-2.1.5/lib/ruby/2.1.0/webrick/httpserver.rb:138:in `service'
  /home/skynet/.rvm/rubies/ruby-2.1.5/lib/ruby/2.1.0/webrick/httpserver.rb:94:in `run'
  /home/skynet/.rvm/rubies/ruby-2.1.5/lib/ruby/2.1.0/webrick/server.rb:295:in `block in start_thread'


  Rendered /home/skynet/.rvm/gems/ruby-2.1.5/gems/actionpack-4.1.8/lib/action_dispatch/middleware/templates/rescues/_trace.html.erb (3.1ms)
  Rendered /home/skynet/.rvm/gems/ruby-2.1.5/gems/actionpack-4.1.8/lib/action_dispatch/middleware/templates/routes/_route.html.erb (1.9ms)
  Rendered /home/skynet/.rvm/gems/ruby-2.1.5/gems/actionpack-4.1.8/lib/action_dispatch/middleware/templates/routes/_table.html.erb (47.9ms)
  Rendered /home/skynet/.rvm/gems/ruby-2.1.5/gems/actionpack-4.1.8/lib/action_dispatch/middleware/templates/rescues/routing_error.html.erb within rescues/layout (100.8ms)


Started GET "/" for 192.168.1.31 at 2015-02-14 12:14:14 -0800
  [1m[36mActiveRecord::SchemaMigration Load (0.2ms)[0m  [1mSELECT "schema_migrations".* FROM "schema_migrations"[0m

ActiveRecord::PendingMigrationError (

Migrations are pending. To resolve this issue, run:

	bin/rake db:migrate RAILS_ENV=development

):
  activerecord (4.1.8) lib/active_record/migration.rb:389:in `check_pending!'
  activerecord (4.1.8) lib/active_record/migration.rb:377:in `call'
  actionpack (4.1.8) lib/action_dispatch/middleware/callbacks.rb:29:in `block in call'
  activesupport (4.1.8) lib/active_support/callbacks.rb:82:in `run_callbacks'
  actionpack (4.1.8) lib/action_dispatch/middleware/callbacks.rb:27:in `call'
  actionpack (4.1.8) lib/action_dispatch/middleware/reloader.rb:73:in `call'
  actionpack (4.1.8) lib/action_dispatch/middleware/remote_ip.rb:76:in `call'
  actionpack (4.1.8) lib/action_dispatch/middleware/debug_exceptions.rb:17:in `call'
  actionpack (4.1.8) lib/action_dispatch/middleware/show_exceptions.rb:30:in `call'
  railties (4.1.8) lib/rails/rack/logger.rb:38:in `call_app'
  railties (4.1.8) lib/rails/rack/logger.rb:20:in `block in call'
  activesupport (4.1.8) lib/active_support/tagged_logging.rb:68:in `block in tagged'
  activesupport (4.1.8) lib/active_support/tagged_logging.rb:26:in `tagged'
  activesupport (4.1.8) lib/active_support/tagged_logging.rb:68:in `tagged'
  railties (4.1.8) lib/rails/rack/logger.rb:20:in `call'
  actionpack (4.1.8) lib/action_dispatch/middleware/request_id.rb:21:in `call'
  rack (1.5.2) lib/rack/methodoverride.rb:21:in `call'
  rack (1.5.2) lib/rack/runtime.rb:17:in `call'
  activesupport (4.1.8) lib/active_support/cache/strategy/local_cache_middleware.rb:26:in `call'
  rack (1.5.2) lib/rack/lock.rb:17:in `call'
  actionpack (4.1.8) lib/action_dispatch/middleware/static.rb:84:in `call'
  rack (1.5.2) lib/rack/sendfile.rb:112:in `call'
  railties (4.1.8) lib/rails/engine.rb:514:in `call'
  railties (4.1.8) lib/rails/application.rb:144:in `call'
  rack (1.5.2) lib/rack/lock.rb:17:in `call'
  rack (1.5.2) lib/rack/content_length.rb:14:in `call'
  rack (1.5.2) lib/rack/handler/webrick.rb:60:in `service'
  /home/skynet/.rvm/rubies/ruby-2.1.5/lib/ruby/2.1.0/webrick/httpserver.rb:138:in `service'
  /home/skynet/.rvm/rubies/ruby-2.1.5/lib/ruby/2.1.0/webrick/httpserver.rb:94:in `run'
  /home/skynet/.rvm/rubies/ruby-2.1.5/lib/ruby/2.1.0/webrick/server.rb:295:in `block in start_thread'


  Rendered /home/skynet/.rvm/gems/ruby-2.1.5/gems/actionpack-4.1.8/lib/action_dispatch/middleware/templates/rescues/_source.erb (1.3ms)
  Rendered /home/skynet/.rvm/gems/ruby-2.1.5/gems/actionpack-4.1.8/lib/action_dispatch/middleware/templates/rescues/_trace.html.erb (2.5ms)
  Rendered /home/skynet/.rvm/gems/ruby-2.1.5/gems/actionpack-4.1.8/lib/action_dispatch/middleware/templates/rescues/_request_and_response.html.erb (2.0ms)
  Rendered /home/skynet/.rvm/gems/ruby-2.1.5/gems/actionpack-4.1.8/lib/action_dispatch/middleware/templates/rescues/diagnostics.erb within rescues/layout (34.3ms)
  [1m[36mActiveRecord::SchemaMigration Load (0.2ms)[0m  [1mSELECT "schema_migrations".* FROM "schema_migrations"[0m
Migrating to CreateProfessors (20150214201220)
  [1m[35m (0.2ms)[0m  begin transaction
  [1m[36m (0.7ms)[0m  [1mCREATE TABLE "professors" ("id" INTEGER PRIMARY KEY AUTOINCREMENT NOT NULL, "name" varchar(255), "created_at" datetime, "updated_at" datetime) [0m
  [1m[35mSQL (0.4ms)[0m  INSERT INTO "schema_migrations" ("version") VALUES (?)  [["version", "20150214201220"]]
  [1m[36m (122.6ms)[0m  [1mcommit transaction[0m
  [1m[35mActiveRecord::SchemaMigration Load (0.1ms)[0m  SELECT "schema_migrations".* FROM "schema_migrations"


Started GET "/" for 192.168.1.31 at 2015-02-14 12:14:40 -0800
  [1m[36mActiveRecord::SchemaMigration Load (0.3ms)[0m  [1mSELECT "schema_migrations".* FROM "schema_migrations"[0m
Processing by ProfessorsController#index as HTML
  [1m[35mProfessor Load (0.3ms)[0m  SELECT "professors".* FROM "professors"
  Rendered professors/index.html.erb within layouts/application (4.5ms)
Completed 200 OK in 1622ms (Views: 1601.2ms | ActiveRecord: 0.3ms)


Started GET "/assets/scaffolds.css?body=1" for 192.168.1.31 at 2015-02-14 12:14:42 -0800


Started GET "/assets/professors.css?body=1" for 192.168.1.31 at 2015-02-14 12:14:42 -0800


Started GET "/assets/application.css?body=1" for 192.168.1.31 at 2015-02-14 12:14:42 -0800


Started GET "/assets/jquery.js?body=1" for 192.168.1.31 at 2015-02-14 12:14:42 -0800


Started GET "/assets/professors.js?body=1" for 192.168.1.31 at 2015-02-14 12:14:42 -0800


Started GET "/assets/jquery_ujs.js?body=1" for 192.168.1.31 at 2015-02-14 12:14:42 -0800


Started GET "/assets/application.js?body=1" for 192.168.1.31 at 2015-02-14 12:14:42 -0800


Started GET "/assets/turbolinks.js?body=1" for 192.168.1.31 at 2015-02-14 12:14:42 -0800
  [1m[36mActiveRecord::SchemaMigration Load (0.2ms)[0m  [1mSELECT "schema_migrations".* FROM "schema_migrations"[0m
  [1m[35mActiveRecord::SchemaMigration Load (0.1ms)[0m  SELECT "schema_migrations".* FROM "schema_migrations"


Started GET "/" for 192.168.1.31 at 2015-03-01 00:23:09 -0800
  [1m[36mActiveRecord::SchemaMigration Load (0.3ms)[0m  [1mSELECT "schema_migrations".* FROM "schema_migrations"[0m

ActiveRecord::PendingMigrationError (

Migrations are pending. To resolve this issue, run:

	bin/rake db:migrate RAILS_ENV=development

):
  activerecord (4.1.8) lib/active_record/migration.rb:389:in `check_pending!'
  activerecord (4.1.8) lib/active_record/migration.rb:377:in `call'
  actionpack (4.1.8) lib/action_dispatch/middleware/callbacks.rb:29:in `block in call'
  activesupport (4.1.8) lib/active_support/callbacks.rb:82:in `run_callbacks'
  actionpack (4.1.8) lib/action_dispatch/middleware/callbacks.rb:27:in `call'
  actionpack (4.1.8) lib/action_dispatch/middleware/reloader.rb:73:in `call'
  actionpack (4.1.8) lib/action_dispatch/middleware/remote_ip.rb:76:in `call'
  actionpack (4.1.8) lib/action_dispatch/middleware/debug_exceptions.rb:17:in `call'
  actionpack (4.1.8) lib/action_dispatch/middleware/show_exceptions.rb:30:in `call'
  railties (4.1.8) lib/rails/rack/logger.rb:38:in `call_app'
  railties (4.1.8) lib/rails/rack/logger.rb:20:in `block in call'
  activesupport (4.1.8) lib/active_support/tagged_logging.rb:68:in `block in tagged'
  activesupport (4.1.8) lib/active_support/tagged_logging.rb:26:in `tagged'
  activesupport (4.1.8) lib/active_support/tagged_logging.rb:68:in `tagged'
  railties (4.1.8) lib/rails/rack/logger.rb:20:in `call'
  actionpack (4.1.8) lib/action_dispatch/middleware/request_id.rb:21:in `call'
  rack (1.5.2) lib/rack/methodoverride.rb:21:in `call'
  rack (1.5.2) lib/rack/runtime.rb:17:in `call'
  activesupport (4.1.8) lib/active_support/cache/strategy/local_cache_middleware.rb:26:in `call'
  rack (1.5.2) lib/rack/lock.rb:17:in `call'
  actionpack (4.1.8) lib/action_dispatch/middleware/static.rb:84:in `call'
  rack (1.5.2) lib/rack/sendfile.rb:112:in `call'
  railties (4.1.8) lib/rails/engine.rb:514:in `call'
  railties (4.1.8) lib/rails/application.rb:144:in `call'
  rack (1.5.2) lib/rack/lock.rb:17:in `call'
  rack (1.5.2) lib/rack/content_length.rb:14:in `call'
  rack (1.5.2) lib/rack/handler/webrick.rb:60:in `service'
  /home/skynet/.rvm/rubies/ruby-2.1.5/lib/ruby/2.1.0/webrick/httpserver.rb:138:in `service'
  /home/skynet/.rvm/rubies/ruby-2.1.5/lib/ruby/2.1.0/webrick/httpserver.rb:94:in `run'
  /home/skynet/.rvm/rubies/ruby-2.1.5/lib/ruby/2.1.0/webrick/server.rb:295:in `block in start_thread'


  Rendered /home/skynet/.rvm/gems/ruby-2.1.5/gems/actionpack-4.1.8/lib/action_dispatch/middleware/templates/rescues/_source.erb (3.4ms)
  Rendered /home/skynet/.rvm/gems/ruby-2.1.5/gems/actionpack-4.1.8/lib/action_dispatch/middleware/templates/rescues/_trace.html.erb (2.5ms)
  Rendered /home/skynet/.rvm/gems/ruby-2.1.5/gems/actionpack-4.1.8/lib/action_dispatch/middleware/templates/rescues/_request_and_response.html.erb (2.1ms)
  Rendered /home/skynet/.rvm/gems/ruby-2.1.5/gems/actionpack-4.1.8/lib/action_dispatch/middleware/templates/rescues/diagnostics.erb within rescues/layout (61.2ms)
  [1m[36mActiveRecord::SchemaMigration Load (0.2ms)[0m  [1mSELECT "schema_migrations".* FROM "schema_migrations"[0m
Migrating to CreateTestrs (20150301082128)
  [1m[35m (0.2ms)[0m  begin transaction
  [1m[36m (1.1ms)[0m  [1mCREATE TABLE "testrs" ("id" INTEGER PRIMARY KEY AUTOINCREMENT NOT NULL, "name" varchar(255), "burp" varchar(255), "created_at" datetime, "updated_at" datetime) [0m
  [1m[35mSQL (0.8ms)[0m  INSERT INTO "schema_migrations" ("version") VALUES (?)  [["version", "20150301082128"]]
  [1m[36m (152.6ms)[0m  [1mcommit transaction[0m
  [1m[35mActiveRecord::SchemaMigration Load (0.2ms)[0m  SELECT "schema_migrations".* FROM "schema_migrations"


Started GET "/" for 192.168.1.31 at 2015-03-01 00:23:32 -0800
  [1m[36mActiveRecord::SchemaMigration Load (0.3ms)[0m  [1mSELECT "schema_migrations".* FROM "schema_migrations"[0m

ActionController::RoutingError (uninitialized constant TestrController):
  activesupport (4.1.8) lib/active_support/inflector/methods.rb:238:in `const_get'
  activesupport (4.1.8) lib/active_support/inflector/methods.rb:238:in `block in constantize'
  activesupport (4.1.8) lib/active_support/inflector/methods.rb:236:in `each'
  activesupport (4.1.8) lib/active_support/inflector/methods.rb:236:in `inject'
  activesupport (4.1.8) lib/active_support/inflector/methods.rb:236:in `constantize'
  actionpack (4.1.8) lib/action_dispatch/routing/route_set.rb:78:in `controller_reference'
  actionpack (4.1.8) lib/action_dispatch/routing/route_set.rb:68:in `controller'
  actionpack (4.1.8) lib/action_dispatch/routing/route_set.rb:46:in `call'
  actionpack (4.1.8) lib/action_dispatch/journey/router.rb:73:in `block in call'
  actionpack (4.1.8) lib/action_dispatch/journey/router.rb:59:in `each'
  actionpack (4.1.8) lib/action_dispatch/journey/router.rb:59:in `call'
  actionpack (4.1.8) lib/action_dispatch/routing/route_set.rb:678:in `call'
  rack (1.5.2) lib/rack/etag.rb:23:in `call'
  rack (1.5.2) lib/rack/conditionalget.rb:25:in `call'
  rack (1.5.2) lib/rack/head.rb:11:in `call'
  actionpack (4.1.8) lib/action_dispatch/middleware/params_parser.rb:27:in `call'
  actionpack (4.1.8) lib/action_dispatch/middleware/flash.rb:254:in `call'
  rack (1.5.2) lib/rack/session/abstract/id.rb:225:in `context'
  rack (1.5.2) lib/rack/session/abstract/id.rb:220:in `call'
  actionpack (4.1.8) lib/action_dispatch/middleware/cookies.rb:560:in `call'
  activerecord (4.1.8) lib/active_record/query_cache.rb:36:in `call'
  activerecord (4.1.8) lib/active_record/connection_adapters/abstract/connection_pool.rb:621:in `call'
  activerecord (4.1.8) lib/active_record/migration.rb:380:in `call'
  actionpack (4.1.8) lib/action_dispatch/middleware/callbacks.rb:29:in `block in call'
  activesupport (4.1.8) lib/active_support/callbacks.rb:82:in `run_callbacks'
  actionpack (4.1.8) lib/action_dispatch/middleware/callbacks.rb:27:in `call'
  actionpack (4.1.8) lib/action_dispatch/middleware/reloader.rb:73:in `call'
  actionpack (4.1.8) lib/action_dispatch/middleware/remote_ip.rb:76:in `call'
  actionpack (4.1.8) lib/action_dispatch/middleware/debug_exceptions.rb:17:in `call'
  actionpack (4.1.8) lib/action_dispatch/middleware/show_exceptions.rb:30:in `call'
  railties (4.1.8) lib/rails/rack/logger.rb:38:in `call_app'
  railties (4.1.8) lib/rails/rack/logger.rb:20:in `block in call'
  activesupport (4.1.8) lib/active_support/tagged_logging.rb:68:in `block in tagged'
  activesupport (4.1.8) lib/active_support/tagged_logging.rb:26:in `tagged'
  activesupport (4.1.8) lib/active_support/tagged_logging.rb:68:in `tagged'
  railties (4.1.8) lib/rails/rack/logger.rb:20:in `call'
  actionpack (4.1.8) lib/action_dispatch/middleware/request_id.rb:21:in `call'
  rack (1.5.2) lib/rack/methodoverride.rb:21:in `call'
  rack (1.5.2) lib/rack/runtime.rb:17:in `call'
  activesupport (4.1.8) lib/active_support/cache/strategy/local_cache_middleware.rb:26:in `call'
  rack (1.5.2) lib/rack/lock.rb:17:in `call'
  actionpack (4.1.8) lib/action_dispatch/middleware/static.rb:84:in `call'
  rack (1.5.2) lib/rack/sendfile.rb:112:in `call'
  railties (4.1.8) lib/rails/engine.rb:514:in `call'
  railties (4.1.8) lib/rails/application.rb:144:in `call'
  rack (1.5.2) lib/rack/lock.rb:17:in `call'
  rack (1.5.2) lib/rack/content_length.rb:14:in `call'
  rack (1.5.2) lib/rack/handler/webrick.rb:60:in `service'
  /home/skynet/.rvm/rubies/ruby-2.1.5/lib/ruby/2.1.0/webrick/httpserver.rb:138:in `service'
  /home/skynet/.rvm/rubies/ruby-2.1.5/lib/ruby/2.1.0/webrick/httpserver.rb:94:in `run'
  /home/skynet/.rvm/rubies/ruby-2.1.5/lib/ruby/2.1.0/webrick/server.rb:295:in `block in start_thread'


  Rendered /home/skynet/.rvm/gems/ruby-2.1.5/gems/actionpack-4.1.8/lib/action_dispatch/middleware/templates/rescues/_trace.html.erb (2.7ms)
  Rendered /home/skynet/.rvm/gems/ruby-2.1.5/gems/actionpack-4.1.8/lib/action_dispatch/middleware/templates/routes/_route.html.erb (3.8ms)
  Rendered /home/skynet/.rvm/gems/ruby-2.1.5/gems/actionpack-4.1.8/lib/action_dispatch/middleware/templates/routes/_table.html.erb (45.9ms)
  Rendered /home/skynet/.rvm/gems/ruby-2.1.5/gems/actionpack-4.1.8/lib/action_dispatch/middleware/templates/rescues/routing_error.html.erb within rescues/layout (111.0ms)


Started GET "/" for 192.168.1.31 at 2015-03-01 00:32:32 -0800
  [1m[36mActiveRecord::SchemaMigration Load (0.2ms)[0m  [1mSELECT "schema_migrations".* FROM "schema_migrations"[0m

ActionController::RoutingError (uninitialized constant TestrController):
  activesupport (4.1.8) lib/active_support/inflector/methods.rb:238:in `const_get'
  activesupport (4.1.8) lib/active_support/inflector/methods.rb:238:in `block in constantize'
  activesupport (4.1.8) lib/active_support/inflector/methods.rb:236:in `each'
  activesupport (4.1.8) lib/active_support/inflector/methods.rb:236:in `inject'
  activesupport (4.1.8) lib/active_support/inflector/methods.rb:236:in `constantize'
  actionpack (4.1.8) lib/action_dispatch/routing/route_set.rb:78:in `controller_reference'
  actionpack (4.1.8) lib/action_dispatch/routing/route_set.rb:68:in `controller'
  actionpack (4.1.8) lib/action_dispatch/routing/route_set.rb:46:in `call'
  actionpack (4.1.8) lib/action_dispatch/journey/router.rb:73:in `block in call'
  actionpack (4.1.8) lib/action_dispatch/journey/router.rb:59:in `each'
  actionpack (4.1.8) lib/action_dispatch/journey/router.rb:59:in `call'
  actionpack (4.1.8) lib/action_dispatch/routing/route_set.rb:678:in `call'
  rack (1.5.2) lib/rack/etag.rb:23:in `call'
  rack (1.5.2) lib/rack/conditionalget.rb:25:in `call'
  rack (1.5.2) lib/rack/head.rb:11:in `call'
  actionpack (4.1.8) lib/action_dispatch/middleware/params_parser.rb:27:in `call'
  actionpack (4.1.8) lib/action_dispatch/middleware/flash.rb:254:in `call'
  rack (1.5.2) lib/rack/session/abstract/id.rb:225:in `context'
  rack (1.5.2) lib/rack/session/abstract/id.rb:220:in `call'
  actionpack (4.1.8) lib/action_dispatch/middleware/cookies.rb:560:in `call'
  activerecord (4.1.8) lib/active_record/query_cache.rb:36:in `call'
  activerecord (4.1.8) lib/active_record/connection_adapters/abstract/connection_pool.rb:621:in `call'
  activerecord (4.1.8) lib/active_record/migration.rb:380:in `call'
  actionpack (4.1.8) lib/action_dispatch/middleware/callbacks.rb:29:in `block in call'
  activesupport (4.1.8) lib/active_support/callbacks.rb:82:in `run_callbacks'
  actionpack (4.1.8) lib/action_dispatch/middleware/callbacks.rb:27:in `call'
  actionpack (4.1.8) lib/action_dispatch/middleware/reloader.rb:73:in `call'
  actionpack (4.1.8) lib/action_dispatch/middleware/remote_ip.rb:76:in `call'
  actionpack (4.1.8) lib/action_dispatch/middleware/debug_exceptions.rb:17:in `call'
  actionpack (4.1.8) lib/action_dispatch/middleware/show_exceptions.rb:30:in `call'
  railties (4.1.8) lib/rails/rack/logger.rb:38:in `call_app'
  railties (4.1.8) lib/rails/rack/logger.rb:20:in `block in call'
  activesupport (4.1.8) lib/active_support/tagged_logging.rb:68:in `block in tagged'
  activesupport (4.1.8) lib/active_support/tagged_logging.rb:26:in `tagged'
  activesupport (4.1.8) lib/active_support/tagged_logging.rb:68:in `tagged'
  railties (4.1.8) lib/rails/rack/logger.rb:20:in `call'
  actionpack (4.1.8) lib/action_dispatch/middleware/request_id.rb:21:in `call'
  rack (1.5.2) lib/rack/methodoverride.rb:21:in `call'
  rack (1.5.2) lib/rack/runtime.rb:17:in `call'
  activesupport (4.1.8) lib/active_support/cache/strategy/local_cache_middleware.rb:26:in `call'
  rack (1.5.2) lib/rack/lock.rb:17:in `call'
  actionpack (4.1.8) lib/action_dispatch/middleware/static.rb:84:in `call'
  rack (1.5.2) lib/rack/sendfile.rb:112:in `call'
  railties (4.1.8) lib/rails/engine.rb:514:in `call'
  railties (4.1.8) lib/rails/application.rb:144:in `call'
  rack (1.5.2) lib/rack/lock.rb:17:in `call'
  rack (1.5.2) lib/rack/content_length.rb:14:in `call'
  rack (1.5.2) lib/rack/handler/webrick.rb:60:in `service'
  /home/skynet/.rvm/rubies/ruby-2.1.5/lib/ruby/2.1.0/webrick/httpserver.rb:138:in `service'
  /home/skynet/.rvm/rubies/ruby-2.1.5/lib/ruby/2.1.0/webrick/httpserver.rb:94:in `run'
  /home/skynet/.rvm/rubies/ruby-2.1.5/lib/ruby/2.1.0/webrick/server.rb:295:in `block in start_thread'


  Rendered /home/skynet/.rvm/gems/ruby-2.1.5/gems/actionpack-4.1.8/lib/action_dispatch/middleware/templates/rescues/_trace.html.erb (2.7ms)
  Rendered /home/skynet/.rvm/gems/ruby-2.1.5/gems/actionpack-4.1.8/lib/action_dispatch/middleware/templates/routes/_route.html.erb (3.2ms)
  Rendered /home/skynet/.rvm/gems/ruby-2.1.5/gems/actionpack-4.1.8/lib/action_dispatch/middleware/templates/routes/_table.html.erb (11.5ms)
  Rendered /home/skynet/.rvm/gems/ruby-2.1.5/gems/actionpack-4.1.8/lib/action_dispatch/middleware/templates/rescues/routing_error.html.erb within rescues/layout (52.6ms)


Started GET "/" for 192.168.1.31 at 2015-03-01 00:38:08 -0800
  [1m[36mActiveRecord::SchemaMigration Load (0.3ms)[0m  [1mSELECT "schema_migrations".* FROM "schema_migrations"[0m
Processing by TestrsController#index as HTML
  [1m[35mTestr Load (0.3ms)[0m  SELECT "testrs".* FROM "testrs"
  Rendered testrs/index.html.erb within layouts/application (4.8ms)
Completed 200 OK in 4190ms (Views: 4143.1ms | ActiveRecord: 0.3ms)


Started GET "/" for 192.168.1.31 at 2015-03-01 00:38:13 -0800
Processing by TestrsController#index as HTML
  [1m[36mTestr Load (0.7ms)[0m  [1mSELECT "testrs".* FROM "testrs"[0m
  Rendered testrs/index.html.erb within layouts/application (3.4ms)
Completed 200 OK in 525ms (Views: 521.7ms | ActiveRecord: 0.7ms)


Started GET "/assets/bootstrap_and_overrides.css?body=1" for 192.168.1.31 at 2015-03-01 00:38:13 -0800


Started GET "/assets/scaffolds.css?body=1" for 192.168.1.31 at 2015-03-01 00:38:13 -0800


Started GET "/assets/testrs.css?body=1" for 192.168.1.31 at 2015-03-01 00:38:13 -0800


Started GET "/assets/application.css?body=1" for 192.168.1.31 at 2015-03-01 00:38:13 -0800


Started GET "/assets/jquery.js?body=1" for 192.168.1.31 at 2015-03-01 00:38:13 -0800


Started GET "/assets/jquery_ujs.js?body=1" for 192.168.1.31 at 2015-03-01 00:38:13 -0800


Started GET "/assets/twitter/bootstrap/transition.js?body=1" for 192.168.1.31 at 2015-03-01 00:38:13 -0800


Started GET "/assets/twitter/bootstrap/alert.js?body=1" for 192.168.1.31 at 2015-03-01 00:38:13 -0800


Started GET "/assets/twitter/bootstrap/dropdown.js?body=1" for 192.168.1.31 at 2015-03-01 00:38:13 -0800


Started GET "/assets/twitter/bootstrap/modal.js?body=1" for 192.168.1.31 at 2015-03-01 00:38:13 -0800


Started GET "/assets/twitter/bootstrap/scrollspy.js?body=1" for 192.168.1.31 at 2015-03-01 00:38:13 -0800


Started GET "/assets/twitter/bootstrap/tab.js?body=1" for 192.168.1.31 at 2015-03-01 00:38:13 -0800


Started GET "/assets/twitter/bootstrap/tooltip.js?body=1" for 192.168.1.31 at 2015-03-01 00:38:13 -0800


Started GET "/assets/twitter/bootstrap/popover.js?body=1" for 192.168.1.31 at 2015-03-01 00:38:13 -0800


Started GET "/assets/twitter/bootstrap/button.js?body=1" for 192.168.1.31 at 2015-03-01 00:38:13 -0800


Started GET "/assets/twitter/bootstrap/collapse.js?body=1" for 192.168.1.31 at 2015-03-01 00:38:14 -0800


Started GET "/assets/twitter/bootstrap/carousel.js?body=1" for 192.168.1.31 at 2015-03-01 00:38:14 -0800


Started GET "/assets/twitter/bootstrap/affix.js?body=1" for 192.168.1.31 at 2015-03-01 00:38:14 -0800


Started GET "/assets/twitter/bootstrap.js?body=1" for 192.168.1.31 at 2015-03-01 00:38:14 -0800


Started GET "/assets/turbolinks.js?body=1" for 192.168.1.31 at 2015-03-01 00:38:14 -0800


Started GET "/assets/bootstrap.js?body=1" for 192.168.1.31 at 2015-03-01 00:38:14 -0800


Started GET "/assets/testrs.js?body=1" for 192.168.1.31 at 2015-03-01 00:38:14 -0800


Started GET "/assets/application.js?body=1" for 192.168.1.31 at 2015-03-01 00:38:14 -0800


Started GET "/images/favicon.ico" for 192.168.1.31 at 2015-03-01 00:38:14 -0800

ActionController::RoutingError (No route matches [GET] "/images/favicon.ico"):
  actionpack (4.1.8) lib/action_dispatch/middleware/debug_exceptions.rb:21:in `call'
  actionpack (4.1.8) lib/action_dispatch/middleware/show_exceptions.rb:30:in `call'
  railties (4.1.8) lib/rails/rack/logger.rb:38:in `call_app'
  railties (4.1.8) lib/rails/rack/logger.rb:20:in `block in call'
  activesupport (4.1.8) lib/active_support/tagged_logging.rb:68:in `block in tagged'
  activesupport (4.1.8) lib/active_support/tagged_logging.rb:26:in `tagged'
  activesupport (4.1.8) lib/active_support/tagged_logging.rb:68:in `tagged'
  railties (4.1.8) lib/rails/rack/logger.rb:20:in `call'
  actionpack (4.1.8) lib/action_dispatch/middleware/request_id.rb:21:in `call'
  rack (1.5.2) lib/rack/methodoverride.rb:21:in `call'
  rack (1.5.2) lib/rack/runtime.rb:17:in `call'
  activesupport (4.1.8) lib/active_support/cache/strategy/local_cache_middleware.rb:26:in `call'
  rack (1.5.2) lib/rack/lock.rb:17:in `call'
  actionpack (4.1.8) lib/action_dispatch/middleware/static.rb:84:in `call'
  rack (1.5.2) lib/rack/sendfile.rb:112:in `call'
  railties (4.1.8) lib/rails/engine.rb:514:in `call'
  railties (4.1.8) lib/rails/application.rb:144:in `call'
  rack (1.5.2) lib/rack/lock.rb:17:in `call'
  rack (1.5.2) lib/rack/content_length.rb:14:in `call'
  rack (1.5.2) lib/rack/handler/webrick.rb:60:in `service'
  /home/skynet/.rvm/rubies/ruby-2.1.5/lib/ruby/2.1.0/webrick/httpserver.rb:138:in `service'
  /home/skynet/.rvm/rubies/ruby-2.1.5/lib/ruby/2.1.0/webrick/httpserver.rb:94:in `run'
  /home/skynet/.rvm/rubies/ruby-2.1.5/lib/ruby/2.1.0/webrick/server.rb:295:in `block in start_thread'


  Rendered /home/skynet/.rvm/gems/ruby-2.1.5/gems/actionpack-4.1.8/lib/action_dispatch/middleware/templates/rescues/_trace.html.erb (2.4ms)
  Rendered /home/skynet/.rvm/gems/ruby-2.1.5/gems/actionpack-4.1.8/lib/action_dispatch/middleware/templates/routes/_route.html.erb (3.2ms)
  Rendered /home/skynet/.rvm/gems/ruby-2.1.5/gems/actionpack-4.1.8/lib/action_dispatch/middleware/templates/routes/_table.html.erb (11.3ms)
  Rendered /home/skynet/.rvm/gems/ruby-2.1.5/gems/actionpack-4.1.8/lib/action_dispatch/middleware/templates/rescues/routing_error.html.erb within rescues/layout (46.9ms)
  [1m[36m (164.6ms)[0m  [1mCREATE TABLE "schema_migrations" ("version" varchar(255) NOT NULL) [0m
  [1m[35m (0.2ms)[0m  select sqlite_version(*)
  [1m[36m (132.6ms)[0m  [1mCREATE UNIQUE INDEX "unique_schema_migrations" ON "schema_migrations" ("version")[0m
  [1m[35mActiveRecord::SchemaMigration Load (0.4ms)[0m  SELECT "schema_migrations".* FROM "schema_migrations"
Migrating to CreateHomes (20150214195032)
  [1m[36m (0.4ms)[0m  [1mbegin transaction[0m
  [1m[35m (1.6ms)[0m  CREATE TABLE "homes" ("id" INTEGER PRIMARY KEY AUTOINCREMENT NOT NULL, "test" varchar(255), "created_at" datetime, "updated_at" datetime) 
  [1m[36mSQL (0.4ms)[0m  [1mINSERT INTO "schema_migrations" ("version") VALUES (?)[0m  [["version", "20150214195032"]]
  [1m[35m (161.4ms)[0m  commit transaction
Migrating to CreateTestrs (20150301082128)
  [1m[36m (0.3ms)[0m  [1mbegin transaction[0m
  [1m[35m (1.1ms)[0m  CREATE TABLE "testrs" ("id" INTEGER PRIMARY KEY AUTOINCREMENT NOT NULL, "name" varchar(255), "burp" varchar(255), "created_at" datetime, "updated_at" datetime) 
  [1m[36mSQL (0.7ms)[0m  [1mINSERT INTO "schema_migrations" ("version") VALUES (?)[0m  [["version", "20150301082128"]]
  [1m[35m (134.3ms)[0m  commit transaction
Migrating to DeviseCreateUsers (20150301085108)
  [1m[36m (0.3ms)[0m  [1mbegin transaction[0m
  [1m[35m (1.6ms)[0m  CREATE TABLE "users" ("id" INTEGER PRIMARY KEY AUTOINCREMENT NOT NULL, "email" varchar(255) DEFAULT '' NOT NULL, "encrypted_password" varchar(255) DEFAULT '' NOT NULL, "reset_password_token" varchar(255), "reset_password_sent_at" datetime, "remember_created_at" datetime, "sign_in_count" integer DEFAULT 0 NOT NULL, "current_sign_in_at" datetime, "last_sign_in_at" datetime, "current_sign_in_ip" varchar(255), "last_sign_in_ip" varchar(255), "created_at" datetime, "updated_at" datetime) 
  [1m[36m (0.8ms)[0m  [1mCREATE UNIQUE INDEX "index_users_on_email" ON "users" ("email")[0m
  [1m[35m (0.2ms)[0m              SELECT sql
            FROM sqlite_master
            WHERE name='index_users_on_email' AND type='index'
            UNION ALL
            SELECT sql
            FROM sqlite_temp_master
            WHERE name='index_users_on_email' AND type='index'

  [1m[36m (0.7ms)[0m  [1mCREATE UNIQUE INDEX "index_users_on_reset_password_token" ON "users" ("reset_password_token")[0m
  [1m[35mSQL (0.5ms)[0m  INSERT INTO "schema_migrations" ("version") VALUES (?)  [["version", "20150301085108"]]
  [1m[36m (142.9ms)[0m  [1mcommit transaction[0m
  [1m[35mActiveRecord::SchemaMigration Load (0.2ms)[0m  SELECT "schema_migrations".* FROM "schema_migrations"
  [1m[36m (0.2ms)[0m  [1m            SELECT sql
            FROM sqlite_master
            WHERE name='index_users_on_reset_password_token' AND type='index'
            UNION ALL
            SELECT sql
            FROM sqlite_temp_master
            WHERE name='index_users_on_reset_password_token' AND type='index'
[0m
  [1m[35m (0.2ms)[0m              SELECT sql
            FROM sqlite_master
            WHERE name='index_users_on_email' AND type='index'
            UNION ALL
            SELECT sql
            FROM sqlite_temp_master
            WHERE name='index_users_on_email' AND type='index'



Started GET "/" for 192.168.1.31 at 2015-03-01 00:57:19 -0800
  [1m[36mActiveRecord::SchemaMigration Load (0.3ms)[0m  [1mSELECT "schema_migrations".* FROM "schema_migrations"[0m
Processing by TestrsController#index as HTML
  [1m[35mTestr Load (0.3ms)[0m  SELECT "testrs".* FROM "testrs"
  Rendered testrs/index.html.erb within layouts/application (4.9ms)
Completed 200 OK in 682ms (Views: 661.6ms | ActiveRecord: 0.3ms)


Started GET "/assets/bootstrap_and_overrides.css?body=1" for 192.168.1.31 at 2015-03-01 00:57:20 -0800


Started GET "/assets/application.css?body=1" for 192.168.1.31 at 2015-03-01 00:57:20 -0800


Started GET "/assets/scaffolds.css?body=1" for 192.168.1.31 at 2015-03-01 00:57:20 -0800


Started GET "/assets/testrs.css?body=1" for 192.168.1.31 at 2015-03-01 00:57:20 -0800


Started GET "/assets/jquery.js?body=1" for 192.168.1.31 at 2015-03-01 00:57:20 -0800


Started GET "/assets/jquery_ujs.js?body=1" for 192.168.1.31 at 2015-03-01 00:57:20 -0800


Started GET "/assets/twitter/bootstrap/transition.js?body=1" for 192.168.1.31 at 2015-03-01 00:57:20 -0800


Started GET "/assets/twitter/bootstrap/alert.js?body=1" for 192.168.1.31 at 2015-03-01 00:57:20 -0800


Started GET "/assets/twitter/bootstrap/modal.js?body=1" for 192.168.1.31 at 2015-03-01 00:57:20 -0800


Started GET "/assets/twitter/bootstrap/dropdown.js?body=1" for 192.168.1.31 at 2015-03-01 00:57:20 -0800


Started GET "/assets/twitter/bootstrap/scrollspy.js?body=1" for 192.168.1.31 at 2015-03-01 00:57:20 -0800


Started GET "/assets/twitter/bootstrap/tab.js?body=1" for 192.168.1.31 at 2015-03-01 00:57:20 -0800


Started GET "/assets/twitter/bootstrap/tooltip.js?body=1" for 192.168.1.31 at 2015-03-01 00:57:20 -0800


Started GET "/assets/twitter/bootstrap/popover.js?body=1" for 192.168.1.31 at 2015-03-01 00:57:20 -0800


Started GET "/assets/twitter/bootstrap/button.js?body=1" for 192.168.1.31 at 2015-03-01 00:57:20 -0800


Started GET "/assets/twitter/bootstrap/collapse.js?body=1" for 192.168.1.31 at 2015-03-01 00:57:20 -0800


Started GET "/assets/twitter/bootstrap/carousel.js?body=1" for 192.168.1.31 at 2015-03-01 00:57:21 -0800


Started GET "/assets/twitter/bootstrap/affix.js?body=1" for 192.168.1.31 at 2015-03-01 00:57:21 -0800


Started GET "/assets/twitter/bootstrap.js?body=1" for 192.168.1.31 at 2015-03-01 00:57:21 -0800


Started GET "/assets/turbolinks.js?body=1" for 192.168.1.31 at 2015-03-01 00:57:21 -0800


Started GET "/assets/bootstrap.js?body=1" for 192.168.1.31 at 2015-03-01 00:57:21 -0800


Started GET "/assets/testrs.js?body=1" for 192.168.1.31 at 2015-03-01 00:57:21 -0800


Started GET "/assets/application.js?body=1" for 192.168.1.31 at 2015-03-01 00:57:21 -0800
  [1m[36m (181.1ms)[0m  [1mCREATE TABLE "schema_migrations" ("version" varchar(255) NOT NULL) [0m
  [1m[35m (0.4ms)[0m  select sqlite_version(*)
  [1m[36m (131.3ms)[0m  [1mCREATE UNIQUE INDEX "unique_schema_migrations" ON "schema_migrations" ("version")[0m
  [1m[35mActiveRecord::SchemaMigration Load (0.4ms)[0m  SELECT "schema_migrations".* FROM "schema_migrations"
Migrating to CreateHomes (20150214195032)
  [1m[36m (0.1ms)[0m  [1mbegin transaction[0m
  [1m[35m (0.7ms)[0m  CREATE TABLE "homes" ("id" INTEGER PRIMARY KEY AUTOINCREMENT NOT NULL, "test" varchar(255), "created_at" datetime, "updated_at" datetime) 
  [1m[36mSQL (0.3ms)[0m  [1mINSERT INTO "schema_migrations" ("version") VALUES (?)[0m  [["version", "20150214195032"]]
  [1m[35m (165.2ms)[0m  commit transaction
Migrating to CreateTestrs (20150301082128)
  [1m[36m (0.3ms)[0m  [1mbegin transaction[0m
  [1m[35m (1.2ms)[0m  CREATE TABLE "testrs" ("id" INTEGER PRIMARY KEY AUTOINCREMENT NOT NULL, "name" varchar(255), "burp" varchar(255), "created_at" datetime, "updated_at" datetime) 
  [1m[36mSQL (0.6ms)[0m  [1mINSERT INTO "schema_migrations" ("version") VALUES (?)[0m  [["version", "20150301082128"]]
  [1m[35m (168.0ms)[0m  commit transaction
Migrating to DeviseCreateUsers (20150301085108)
  [1m[36m (0.3ms)[0m  [1mbegin transaction[0m
  [1m[35m (1.5ms)[0m  CREATE TABLE "users" ("id" INTEGER PRIMARY KEY AUTOINCREMENT NOT NULL, "email" varchar(255) DEFAULT '' NOT NULL, "encrypted_password" varchar(255) DEFAULT '' NOT NULL, "reset_password_token" varchar(255), "reset_password_sent_at" datetime, "remember_created_at" datetime, "sign_in_count" integer DEFAULT 0 NOT NULL, "current_sign_in_at" datetime, "last_sign_in_at" datetime, "current_sign_in_ip" varchar(255), "last_sign_in_ip" varchar(255), "created_at" datetime, "updated_at" datetime) 
  [1m[36m (0.4ms)[0m  [1mCREATE UNIQUE INDEX "index_users_on_email" ON "users" ("email")[0m
  [1m[35m (0.2ms)[0m              SELECT sql
            FROM sqlite_master
            WHERE name='index_users_on_email' AND type='index'
            UNION ALL
            SELECT sql
            FROM sqlite_temp_master
            WHERE name='index_users_on_email' AND type='index'

  [1m[36m (0.3ms)[0m  [1mCREATE UNIQUE INDEX "index_users_on_reset_password_token" ON "users" ("reset_password_token")[0m
  [1m[35mSQL (0.3ms)[0m  INSERT INTO "schema_migrations" ("version") VALUES (?)  [["version", "20150301085108"]]
  [1m[36m (169.7ms)[0m  [1mcommit transaction[0m
  [1m[35mActiveRecord::SchemaMigration Load (0.3ms)[0m  SELECT "schema_migrations".* FROM "schema_migrations"
  [1m[36m (0.2ms)[0m  [1m            SELECT sql
            FROM sqlite_master
            WHERE name='index_users_on_reset_password_token' AND type='index'
            UNION ALL
            SELECT sql
            FROM sqlite_temp_master
            WHERE name='index_users_on_reset_password_token' AND type='index'
[0m
  [1m[35m (0.2ms)[0m              SELECT sql
            FROM sqlite_master
            WHERE name='index_users_on_email' AND type='index'
            UNION ALL
            SELECT sql
            FROM sqlite_temp_master
            WHERE name='index_users_on_email' AND type='index'



Started GET "/" for 192.168.1.31 at 2015-03-01 01:04:30 -0800
  [1m[36mActiveRecord::SchemaMigration Load (0.3ms)[0m  [1mSELECT "schema_migrations".* FROM "schema_migrations"[0m
Processing by TestrsController#index as HTML
Completed 401 Unauthorized in 66ms


Started GET "/users/sign_in" for 192.168.1.31 at 2015-03-01 01:04:31 -0800
Processing by Devise::SessionsController#new as HTML
  Rendered devise/shared/_links.html.erb (4.3ms)
  Rendered devise/sessions/new.html.erb within layouts/application (57.9ms)
Completed 200 OK in 770ms (Views: 730.2ms | ActiveRecord: 1.9ms)


Started GET "/assets/bootstrap_and_overrides.css?body=1" for 192.168.1.31 at 2015-03-01 01:04:32 -0800


Started GET "/assets/scaffolds.css?body=1" for 192.168.1.31 at 2015-03-01 01:04:32 -0800


Started GET "/assets/jquery_ujs.js?body=1" for 192.168.1.31 at 2015-03-01 01:04:32 -0800


Started GET "/assets/application.css?body=1" for 192.168.1.31 at 2015-03-01 01:04:32 -0800


Started GET "/assets/jquery.js?body=1" for 192.168.1.31 at 2015-03-01 01:04:32 -0800


Started GET "/assets/testrs.css?body=1" for 192.168.1.31 at 2015-03-01 01:04:32 -0800


Started GET "/assets/twitter/bootstrap/transition.js?body=1" for 192.168.1.31 at 2015-03-01 01:04:32 -0800


Started GET "/assets/twitter/bootstrap/alert.js?body=1" for 192.168.1.31 at 2015-03-01 01:04:32 -0800


Started GET "/assets/twitter/bootstrap/modal.js?body=1" for 192.168.1.31 at 2015-03-01 01:04:32 -0800


Started GET "/assets/twitter/bootstrap/dropdown.js?body=1" for 192.168.1.31 at 2015-03-01 01:04:32 -0800


Started GET "/assets/twitter/bootstrap/scrollspy.js?body=1" for 192.168.1.31 at 2015-03-01 01:04:32 -0800


Started GET "/assets/twitter/bootstrap/tab.js?body=1" for 192.168.1.31 at 2015-03-01 01:04:32 -0800


Started GET "/assets/twitter/bootstrap/tooltip.js?body=1" for 192.168.1.31 at 2015-03-01 01:04:32 -0800


Started GET "/assets/twitter/bootstrap/popover.js?body=1" for 192.168.1.31 at 2015-03-01 01:04:32 -0800


Started GET "/assets/twitter/bootstrap/button.js?body=1" for 192.168.1.31 at 2015-03-01 01:04:32 -0800


Started GET "/assets/twitter/bootstrap/collapse.js?body=1" for 192.168.1.31 at 2015-03-01 01:04:32 -0800


Started GET "/assets/twitter/bootstrap/carousel.js?body=1" for 192.168.1.31 at 2015-03-01 01:04:32 -0800


Started GET "/assets/twitter/bootstrap/affix.js?body=1" for 192.168.1.31 at 2015-03-01 01:04:32 -0800


Started GET "/assets/twitter/bootstrap.js?body=1" for 192.168.1.31 at 2015-03-01 01:04:32 -0800


Started GET "/assets/turbolinks.js?body=1" for 192.168.1.31 at 2015-03-01 01:04:32 -0800


Started GET "/assets/bootstrap.js?body=1" for 192.168.1.31 at 2015-03-01 01:04:32 -0800


Started GET "/assets/testrs.js?body=1" for 192.168.1.31 at 2015-03-01 01:04:32 -0800


Started GET "/assets/application.js?body=1" for 192.168.1.31 at 2015-03-01 01:04:32 -0800


Started GET "/users/sign_up" for 192.168.1.31 at 2015-03-01 01:04:39 -0800
Processing by Devise::RegistrationsController#new as HTML
  Rendered devise/shared/_links.html.erb (0.9ms)
  Rendered devise/registrations/new.html.erb within layouts/application (8.9ms)
Completed 200 OK in 509ms (Views: 505.7ms | ActiveRecord: 0.0ms)
  [1m[36mActiveRecord::SchemaMigration Load (0.2ms)[0m  [1mSELECT "schema_migrations".* FROM "schema_migrations"[0m
  [1m[35mActiveRecord::SchemaMigration Load (0.2ms)[0m  SELECT "schema_migrations".* FROM "schema_migrations"
  [1m[36m (0.3ms)[0m  [1m            SELECT sql
            FROM sqlite_master
            WHERE name='index_users_on_reset_password_token' AND type='index'
            UNION ALL
            SELECT sql
            FROM sqlite_temp_master
            WHERE name='index_users_on_reset_password_token' AND type='index'
[0m
  [1m[35m (0.2ms)[0m              SELECT sql
            FROM sqlite_master
            WHERE name='index_users_on_email' AND type='index'
            UNION ALL
            SELECT sql
            FROM sqlite_temp_master
            WHERE name='index_users_on_email' AND type='index'



Started GET "/" for 192.168.1.31 at 2015-03-01 16:40:35 -0800
  [1m[36mActiveRecord::SchemaMigration Load (0.2ms)[0m  [1mSELECT "schema_migrations".* FROM "schema_migrations"[0m
Processing by TestrsController#index as HTML
Completed 401 Unauthorized in 30ms


Started GET "/users/sign_in" for 192.168.1.31 at 2015-03-01 16:40:35 -0800
Processing by Devise::SessionsController#new as HTML
  Rendered devise/shared/_links.html.erb (3.0ms)
  Rendered devise/sessions/new.html.erb within layouts/application (34.6ms)
Completed 200 OK in 734ms (Views: 710.3ms | ActiveRecord: 0.8ms)


Started GET "/assets/bootstrap_and_overrides.css?body=1" for 192.168.1.31 at 2015-03-01 16:40:36 -0800


Started GET "/assets/scaffolds.css?body=1" for 192.168.1.31 at 2015-03-01 16:40:36 -0800


Started GET "/assets/testrs.css?body=1" for 192.168.1.31 at 2015-03-01 16:40:36 -0800


Started GET "/assets/application.css?body=1" for 192.168.1.31 at 2015-03-01 16:40:36 -0800


Started GET "/assets/jquery.js?body=1" for 192.168.1.31 at 2015-03-01 16:40:36 -0800


Started GET "/assets/jquery_ujs.js?body=1" for 192.168.1.31 at 2015-03-01 16:40:36 -0800


Started GET "/assets/twitter/bootstrap/transition.js?body=1" for 192.168.1.31 at 2015-03-01 16:40:36 -0800


Started GET "/assets/twitter/bootstrap/alert.js?body=1" for 192.168.1.31 at 2015-03-01 16:40:36 -0800


Started GET "/assets/twitter/bootstrap/modal.js?body=1" for 192.168.1.31 at 2015-03-01 16:40:36 -0800


Started GET "/assets/twitter/bootstrap/dropdown.js?body=1" for 192.168.1.31 at 2015-03-01 16:40:36 -0800


Started GET "/assets/twitter/bootstrap/scrollspy.js?body=1" for 192.168.1.31 at 2015-03-01 16:40:36 -0800


Started GET "/assets/twitter/bootstrap/tab.js?body=1" for 192.168.1.31 at 2015-03-01 16:40:36 -0800


Started GET "/assets/twitter/bootstrap/tooltip.js?body=1" for 192.168.1.31 at 2015-03-01 16:40:36 -0800


Started GET "/assets/twitter/bootstrap/popover.js?body=1" for 192.168.1.31 at 2015-03-01 16:40:36 -0800


Started GET "/assets/twitter/bootstrap/button.js?body=1" for 192.168.1.31 at 2015-03-01 16:40:36 -0800


Started GET "/assets/twitter/bootstrap/collapse.js?body=1" for 192.168.1.31 at 2015-03-01 16:40:36 -0800


Started GET "/assets/twitter/bootstrap/carousel.js?body=1" for 192.168.1.31 at 2015-03-01 16:40:36 -0800


Started GET "/assets/twitter/bootstrap/affix.js?body=1" for 192.168.1.31 at 2015-03-01 16:40:36 -0800


Started GET "/assets/twitter/bootstrap.js?body=1" for 192.168.1.31 at 2015-03-01 16:40:36 -0800


Started GET "/assets/turbolinks.js?body=1" for 192.168.1.31 at 2015-03-01 16:40:36 -0800


Started GET "/assets/bootstrap.js?body=1" for 192.168.1.31 at 2015-03-01 16:40:36 -0800


Started GET "/assets/testrs.js?body=1" for 192.168.1.31 at 2015-03-01 16:40:36 -0800


Started GET "/assets/application.js?body=1" for 192.168.1.31 at 2015-03-01 16:40:36 -0800


Started GET "/images/favicon.ico" for 192.168.1.31 at 2015-03-01 16:40:36 -0800

ActionController::RoutingError (No route matches [GET] "/images/favicon.ico"):
  actionpack (4.1.8) lib/action_dispatch/middleware/debug_exceptions.rb:21:in `call'
  actionpack (4.1.8) lib/action_dispatch/middleware/show_exceptions.rb:30:in `call'
  railties (4.1.8) lib/rails/rack/logger.rb:38:in `call_app'
  railties (4.1.8) lib/rails/rack/logger.rb:20:in `block in call'
  activesupport (4.1.8) lib/active_support/tagged_logging.rb:68:in `block in tagged'
  activesupport (4.1.8) lib/active_support/tagged_logging.rb:26:in `tagged'
  activesupport (4.1.8) lib/active_support/tagged_logging.rb:68:in `tagged'
  railties (4.1.8) lib/rails/rack/logger.rb:20:in `call'
  actionpack (4.1.8) lib/action_dispatch/middleware/request_id.rb:21:in `call'
  rack (1.5.2) lib/rack/methodoverride.rb:21:in `call'
  rack (1.5.2) lib/rack/runtime.rb:17:in `call'
  activesupport (4.1.8) lib/active_support/cache/strategy/local_cache_middleware.rb:26:in `call'
  rack (1.5.2) lib/rack/lock.rb:17:in `call'
  actionpack (4.1.8) lib/action_dispatch/middleware/static.rb:84:in `call'
  rack (1.5.2) lib/rack/sendfile.rb:112:in `call'
  railties (4.1.8) lib/rails/engine.rb:514:in `call'
  railties (4.1.8) lib/rails/application.rb:144:in `call'
  rack (1.5.2) lib/rack/lock.rb:17:in `call'
  rack (1.5.2) lib/rack/content_length.rb:14:in `call'
  rack (1.5.2) lib/rack/handler/webrick.rb:60:in `service'
  /home/skynet/.rvm/rubies/ruby-2.1.5/lib/ruby/2.1.0/webrick/httpserver.rb:138:in `service'
  /home/skynet/.rvm/rubies/ruby-2.1.5/lib/ruby/2.1.0/webrick/httpserver.rb:94:in `run'
  /home/skynet/.rvm/rubies/ruby-2.1.5/lib/ruby/2.1.0/webrick/server.rb:295:in `block in start_thread'


  Rendered /home/skynet/.rvm/gems/ruby-2.1.5/gems/actionpack-4.1.8/lib/action_dispatch/middleware/templates/rescues/_trace.html.erb (2.4ms)
  Rendered /home/skynet/.rvm/gems/ruby-2.1.5/gems/actionpack-4.1.8/lib/action_dispatch/middleware/templates/routes/_route.html.erb (7.5ms)
  Rendered /home/skynet/.rvm/gems/ruby-2.1.5/gems/actionpack-4.1.8/lib/action_dispatch/middleware/templates/routes/_table.html.erb (3.8ms)
  Rendered /home/skynet/.rvm/gems/ruby-2.1.5/gems/actionpack-4.1.8/lib/action_dispatch/middleware/templates/rescues/routing_error.html.erb within rescues/layout (52.1ms)


Started GET "/users/sign_in" for 192.168.1.31 at 2015-03-01 16:46:05 -0800
  [1m[36mActiveRecord::SchemaMigration Load (0.3ms)[0m  [1mSELECT "schema_migrations".* FROM "schema_migrations"[0m
Processing by Devise::SessionsController#new as HTML
  Rendered devise/shared/_links.html.erb (3.1ms)
  Rendered devise/sessions/new.html.erb within layouts/application (51.8ms)
Completed 200 OK in 794ms (Views: 746.7ms | ActiveRecord: 0.8ms)


Started GET "/assets/testrs.css?body=1" for 192.168.1.31 at 2015-03-01 16:46:06 -0800


Started GET "/assets/bootstrap_and_overrides.css?body=1" for 192.168.1.31 at 2015-03-01 16:46:06 -0800


Started GET "/assets/jquery.js?body=1" for 192.168.1.31 at 2015-03-01 16:46:06 -0800


Started GET "/assets/jquery_ujs.js?body=1" for 192.168.1.31 at 2015-03-01 16:46:06 -0800


Started GET "/assets/scaffolds.css?body=1" for 192.168.1.31 at 2015-03-01 16:46:06 -0800


Started GET "/assets/application.css?body=1" for 192.168.1.31 at 2015-03-01 16:46:06 -0800


Started GET "/assets/twitter/bootstrap/transition.js?body=1" for 192.168.1.31 at 2015-03-01 16:46:06 -0800


Started GET "/assets/twitter/bootstrap/alert.js?body=1" for 192.168.1.31 at 2015-03-01 16:46:06 -0800


Started GET "/assets/twitter/bootstrap/modal.js?body=1" for 192.168.1.31 at 2015-03-01 16:46:06 -0800


Started GET "/assets/twitter/bootstrap/dropdown.js?body=1" for 192.168.1.31 at 2015-03-01 16:46:06 -0800


Started GET "/assets/twitter/bootstrap/scrollspy.js?body=1" for 192.168.1.31 at 2015-03-01 16:46:06 -0800


Started GET "/assets/twitter/bootstrap/tab.js?body=1" for 192.168.1.31 at 2015-03-01 16:46:06 -0800


Started GET "/assets/twitter/bootstrap/tooltip.js?body=1" for 192.168.1.31 at 2015-03-01 16:46:06 -0800


Started GET "/assets/twitter/bootstrap/popover.js?body=1" for 192.168.1.31 at 2015-03-01 16:46:06 -0800


Started GET "/assets/twitter/bootstrap/button.js?body=1" for 192.168.1.31 at 2015-03-01 16:46:06 -0800


Started GET "/assets/twitter/bootstrap.js?body=1" for 192.168.1.31 at 2015-03-01 16:46:07 -0800


Started GET "/assets/twitter/bootstrap/affix.js?body=1" for 192.168.1.31 at 2015-03-01 16:46:07 -0800


Started GET "/assets/turbolinks.js?body=1" for 192.168.1.31 at 2015-03-01 16:46:07 -0800


Started GET "/assets/bootstrap.js?body=1" for 192.168.1.31 at 2015-03-01 16:46:07 -0800


Started GET "/assets/twitter/bootstrap/collapse.js?body=1" for 192.168.1.31 at 2015-03-01 16:46:07 -0800


Started GET "/assets/twitter/bootstrap/carousel.js?body=1" for 192.168.1.31 at 2015-03-01 16:46:07 -0800


Started GET "/assets/testrs.js?body=1" for 192.168.1.31 at 2015-03-01 16:46:07 -0800


Started GET "/assets/application.js?body=1" for 192.168.1.31 at 2015-03-01 16:46:07 -0800


Started GET "/path1" for 192.168.1.31 at 2015-03-01 16:46:13 -0800

ActionController::RoutingError (No route matches [GET] "/path1"):
  actionpack (4.1.8) lib/action_dispatch/middleware/debug_exceptions.rb:21:in `call'
  actionpack (4.1.8) lib/action_dispatch/middleware/show_exceptions.rb:30:in `call'
  railties (4.1.8) lib/rails/rack/logger.rb:38:in `call_app'
  railties (4.1.8) lib/rails/rack/logger.rb:20:in `block in call'
  activesupport (4.1.8) lib/active_support/tagged_logging.rb:68:in `block in tagged'
  activesupport (4.1.8) lib/active_support/tagged_logging.rb:26:in `tagged'
  activesupport (4.1.8) lib/active_support/tagged_logging.rb:68:in `tagged'
  railties (4.1.8) lib/rails/rack/logger.rb:20:in `call'
  actionpack (4.1.8) lib/action_dispatch/middleware/request_id.rb:21:in `call'
  rack (1.5.2) lib/rack/methodoverride.rb:21:in `call'
  rack (1.5.2) lib/rack/runtime.rb:17:in `call'
  activesupport (4.1.8) lib/active_support/cache/strategy/local_cache_middleware.rb:26:in `call'
  rack (1.5.2) lib/rack/lock.rb:17:in `call'
  actionpack (4.1.8) lib/action_dispatch/middleware/static.rb:84:in `call'
  rack (1.5.2) lib/rack/sendfile.rb:112:in `call'
  railties (4.1.8) lib/rails/engine.rb:514:in `call'
  railties (4.1.8) lib/rails/application.rb:144:in `call'
  rack (1.5.2) lib/rack/lock.rb:17:in `call'
  rack (1.5.2) lib/rack/content_length.rb:14:in `call'
  rack (1.5.2) lib/rack/handler/webrick.rb:60:in `service'
  /home/skynet/.rvm/rubies/ruby-2.1.5/lib/ruby/2.1.0/webrick/httpserver.rb:138:in `service'
  /home/skynet/.rvm/rubies/ruby-2.1.5/lib/ruby/2.1.0/webrick/httpserver.rb:94:in `run'
  /home/skynet/.rvm/rubies/ruby-2.1.5/lib/ruby/2.1.0/webrick/server.rb:295:in `block in start_thread'


  Rendered /home/skynet/.rvm/gems/ruby-2.1.5/gems/actionpack-4.1.8/lib/action_dispatch/middleware/templates/rescues/_trace.html.erb (2.4ms)
  Rendered /home/skynet/.rvm/gems/ruby-2.1.5/gems/actionpack-4.1.8/lib/action_dispatch/middleware/templates/routes/_route.html.erb (6.1ms)
  Rendered /home/skynet/.rvm/gems/ruby-2.1.5/gems/actionpack-4.1.8/lib/action_dispatch/middleware/templates/routes/_table.html.erb (3.8ms)
  Rendered /home/skynet/.rvm/gems/ruby-2.1.5/gems/actionpack-4.1.8/lib/action_dispatch/middleware/templates/rescues/routing_error.html.erb within rescues/layout (51.1ms)


Started GET "/path1" for 192.168.1.31 at 2015-03-01 16:46:13 -0800

ActionController::RoutingError (No route matches [GET] "/path1"):
  actionpack (4.1.8) lib/action_dispatch/middleware/debug_exceptions.rb:21:in `call'
  actionpack (4.1.8) lib/action_dispatch/middleware/show_exceptions.rb:30:in `call'
  railties (4.1.8) lib/rails/rack/logger.rb:38:in `call_app'
  railties (4.1.8) lib/rails/rack/logger.rb:20:in `block in call'
  activesupport (4.1.8) lib/active_support/tagged_logging.rb:68:in `block in tagged'
  activesupport (4.1.8) lib/active_support/tagged_logging.rb:26:in `tagged'
  activesupport (4.1.8) lib/active_support/tagged_logging.rb:68:in `tagged'
  railties (4.1.8) lib/rails/rack/logger.rb:20:in `call'
  actionpack (4.1.8) lib/action_dispatch/middleware/request_id.rb:21:in `call'
  rack (1.5.2) lib/rack/methodoverride.rb:21:in `call'
  rack (1.5.2) lib/rack/runtime.rb:17:in `call'
  activesupport (4.1.8) lib/active_support/cache/strategy/local_cache_middleware.rb:26:in `call'
  rack (1.5.2) lib/rack/lock.rb:17:in `call'
  actionpack (4.1.8) lib/action_dispatch/middleware/static.rb:84:in `call'
  rack (1.5.2) lib/rack/sendfile.rb:112:in `call'
  railties (4.1.8) lib/rails/engine.rb:514:in `call'
  railties (4.1.8) lib/rails/application.rb:144:in `call'
  rack (1.5.2) lib/rack/lock.rb:17:in `call'
  rack (1.5.2) lib/rack/content_length.rb:14:in `call'
  rack (1.5.2) lib/rack/handler/webrick.rb:60:in `service'
  /home/skynet/.rvm/rubies/ruby-2.1.5/lib/ruby/2.1.0/webrick/httpserver.rb:138:in `service'
  /home/skynet/.rvm/rubies/ruby-2.1.5/lib/ruby/2.1.0/webrick/httpserver.rb:94:in `run'
  /home/skynet/.rvm/rubies/ruby-2.1.5/lib/ruby/2.1.0/webrick/server.rb:295:in `block in start_thread'


  Rendered /home/skynet/.rvm/gems/ruby-2.1.5/gems/actionpack-4.1.8/lib/action_dispatch/middleware/templates/rescues/_trace.html.erb (2.5ms)
  Rendered /home/skynet/.rvm/gems/ruby-2.1.5/gems/actionpack-4.1.8/lib/action_dispatch/middleware/templates/routes/_route.html.erb (6.1ms)
  Rendered /home/skynet/.rvm/gems/ruby-2.1.5/gems/actionpack-4.1.8/lib/action_dispatch/middleware/templates/routes/_table.html.erb (2.3ms)
  Rendered /home/skynet/.rvm/gems/ruby-2.1.5/gems/actionpack-4.1.8/lib/action_dispatch/middleware/templates/rescues/routing_error.html.erb within rescues/layout (47.9ms)


Started GET "/users/sign_up" for 192.168.1.31 at 2015-03-01 16:46:17 -0800
Processing by Devise::RegistrationsController#new as HTML
  Rendered devise/shared/_links.html.erb (1.0ms)
  Rendered devise/registrations/new.html.erb within layouts/application (8.2ms)
Completed 200 OK in 515ms (Views: 512.8ms | ActiveRecord: 0.0ms)
  [1m[36m (151.5ms)[0m  [1mCREATE TABLE "schema_migrations" ("version" varchar(255) NOT NULL) [0m
  [1m[35m (0.4ms)[0m  select sqlite_version(*)
  [1m[36m (131.1ms)[0m  [1mCREATE UNIQUE INDEX "unique_schema_migrations" ON "schema_migrations" ("version")[0m
  [1m[35mActiveRecord::SchemaMigration Load (0.4ms)[0m  SELECT "schema_migrations".* FROM "schema_migrations"
Migrating to CreateHomes (20150214195032)
  [1m[36m (0.3ms)[0m  [1mbegin transaction[0m
  [1m[35m (0.7ms)[0m  CREATE TABLE "homes" ("id" INTEGER PRIMARY KEY AUTOINCREMENT NOT NULL, "test" varchar(255), "created_at" datetime, "updated_at" datetime) 
  [1m[36mSQL (0.3ms)[0m  [1mINSERT INTO "schema_migrations" ("version") VALUES (?)[0m  [["version", "20150214195032"]]
  [1m[35m (140.8ms)[0m  commit transaction
Migrating to CreateTestrs (20150301082128)
  [1m[36m (0.3ms)[0m  [1mbegin transaction[0m
  [1m[35m (1.2ms)[0m  CREATE TABLE "testrs" ("id" INTEGER PRIMARY KEY AUTOINCREMENT NOT NULL, "name" varchar(255), "burp" varchar(255), "created_at" datetime, "updated_at" datetime) 
  [1m[36mSQL (0.5ms)[0m  [1mINSERT INTO "schema_migrations" ("version") VALUES (?)[0m  [["version", "20150301082128"]]
  [1m[35m (145.6ms)[0m  commit transaction
Migrating to DeviseCreateUsers (20150301085108)
  [1m[36m (0.3ms)[0m  [1mbegin transaction[0m
  [1m[35m (1.5ms)[0m  CREATE TABLE "users" ("id" INTEGER PRIMARY KEY AUTOINCREMENT NOT NULL, "email" varchar(255) DEFAULT '' NOT NULL, "encrypted_password" varchar(255) DEFAULT '' NOT NULL, "reset_password_token" varchar(255), "reset_password_sent_at" datetime, "remember_created_at" datetime, "sign_in_count" integer DEFAULT 0 NOT NULL, "current_sign_in_at" datetime, "last_sign_in_at" datetime, "current_sign_in_ip" varchar(255), "last_sign_in_ip" varchar(255), "created_at" datetime, "updated_at" datetime) 
  [1m[36m (0.4ms)[0m  [1mCREATE UNIQUE INDEX "index_users_on_email" ON "users" ("email")[0m
  [1m[35m (0.2ms)[0m              SELECT sql
            FROM sqlite_master
            WHERE name='index_users_on_email' AND type='index'
            UNION ALL
            SELECT sql
            FROM sqlite_temp_master
            WHERE name='index_users_on_email' AND type='index'

  [1m[36m (0.3ms)[0m  [1mCREATE UNIQUE INDEX "index_users_on_reset_password_token" ON "users" ("reset_password_token")[0m
  [1m[35mSQL (0.2ms)[0m  INSERT INTO "schema_migrations" ("version") VALUES (?)  [["version", "20150301085108"]]
  [1m[36m (146.9ms)[0m  [1mcommit transaction[0m
  [1m[35mActiveRecord::SchemaMigration Load (0.2ms)[0m  SELECT "schema_migrations".* FROM "schema_migrations"
  [1m[36m (0.2ms)[0m  [1m            SELECT sql
            FROM sqlite_master
            WHERE name='index_users_on_reset_password_token' AND type='index'
            UNION ALL
            SELECT sql
            FROM sqlite_temp_master
            WHERE name='index_users_on_reset_password_token' AND type='index'
[0m
  [1m[35m (0.2ms)[0m              SELECT sql
            FROM sqlite_master
            WHERE name='index_users_on_email' AND type='index'
            UNION ALL
            SELECT sql
            FROM sqlite_temp_master
            WHERE name='index_users_on_email' AND type='index'

  [1m[36m (2.8ms)[0m  [1mCREATE TABLE "schema_migrations" ("version" varchar(255) NOT NULL) [0m
  [1m[35m (0.1ms)[0m  select sqlite_version(*)
  [1m[36m (2.5ms)[0m  [1mCREATE UNIQUE INDEX "unique_schema_migrations" ON "schema_migrations" ("version")[0m
  [1m[35mActiveRecord::SchemaMigration Load (0.2ms)[0m  SELECT "schema_migrations".* FROM "schema_migrations"
Migrating to CreateHomes (20150214195032)
  [1m[36m (0.0ms)[0m  [1mbegin transaction[0m
  [1m[35m (0.4ms)[0m  CREATE TABLE "homes" ("id" INTEGER PRIMARY KEY AUTOINCREMENT NOT NULL, "test" varchar(255), "created_at" datetime, "updated_at" datetime) 
  [1m[36mSQL (0.1ms)[0m  [1mINSERT INTO "schema_migrations" ("version") VALUES (?)[0m  [["version", "20150214195032"]]
  [1m[35m (2.6ms)[0m  commit transaction
Migrating to DeviseCreateUsers (20150301085108)
  [1m[36m (0.1ms)[0m  [1mbegin transaction[0m
  [1m[35m (0.6ms)[0m  CREATE TABLE "users" ("id" INTEGER PRIMARY KEY AUTOINCREMENT NOT NULL, "email" varchar(255) DEFAULT '' NOT NULL, "encrypted_password" varchar(255) DEFAULT '' NOT NULL, "f_name" varchar(255), "l_name" varchar(255), "user_name" varchar(255), "reset_password_token" varchar(255), "reset_password_sent_at" datetime, "remember_created_at" datetime, "sign_in_count" integer DEFAULT 0 NOT NULL, "current_sign_in_at" datetime, "last_sign_in_at" datetime, "current_sign_in_ip" varchar(255), "last_sign_in_ip" varchar(255), "created_at" datetime, "updated_at" datetime) 
  [1m[36m (0.4ms)[0m  [1mCREATE UNIQUE INDEX "index_users_on_email" ON "users" ("email")[0m
  [1m[35m (0.1ms)[0m              SELECT sql
            FROM sqlite_master
            WHERE name='index_users_on_email' AND type='index'
            UNION ALL
            SELECT sql
            FROM sqlite_temp_master
            WHERE name='index_users_on_email' AND type='index'

  [1m[36m (0.2ms)[0m  [1mCREATE UNIQUE INDEX "index_users_on_reset_password_token" ON "users" ("reset_password_token")[0m
  [1m[35mSQL (0.1ms)[0m  INSERT INTO "schema_migrations" ("version") VALUES (?)  [["version", "20150301085108"]]
  [1m[36m (2.6ms)[0m  [1mcommit transaction[0m
Migrating to CreateEvents (20150319034603)
  [1m[35m (0.1ms)[0m  begin transaction
  [1m[36m (0.4ms)[0m  [1mCREATE TABLE "events" ("id" INTEGER PRIMARY KEY AUTOINCREMENT NOT NULL, "e_name" varchar(255), "team_1" varchar(255), "team_2" varchar(255), "team_1_odds" float, "team_2_odds" float, "final_score" integer, "game_end_time" varchar(255), "total_pot" float, "created_at" datetime, "updated_at" datetime) [0m
  [1m[35mSQL (0.1ms)[0m  INSERT INTO "schema_migrations" ("version") VALUES (?)  [["version", "20150319034603"]]
  [1m[36m (2.6ms)[0m  [1mcommit transaction[0m
Migrating to CreateUserBets (20150319055005)
  [1m[35m (0.1ms)[0m  begin transaction
  [1m[36m (0.5ms)[0m  [1mCREATE TABLE "user_bets" ("id" INTEGER PRIMARY KEY AUTOINCREMENT NOT NULL, "wager" float, "game_id" varchar(255), "team_name" varchar(255), "created_at" datetime, "updated_at" datetime) [0m
  [1m[35mSQL (0.2ms)[0m  INSERT INTO "schema_migrations" ("version") VALUES (?)  [["version", "20150319055005"]]
  [1m[36m (2.4ms)[0m  [1mcommit transaction[0m
  [1m[35mActiveRecord::SchemaMigration Load (0.2ms)[0m  SELECT "schema_migrations".* FROM "schema_migrations"
  [1m[36m (0.1ms)[0m  [1m            SELECT sql
            FROM sqlite_master
            WHERE name='index_users_on_reset_password_token' AND type='index'
            UNION ALL
            SELECT sql
            FROM sqlite_temp_master
            WHERE name='index_users_on_reset_password_token' AND type='index'
[0m
  [1m[35m (0.1ms)[0m              SELECT sql
            FROM sqlite_master
            WHERE name='index_users_on_email' AND type='index'
            UNION ALL
            SELECT sql
            FROM sqlite_temp_master
            WHERE name='index_users_on_email' AND type='index'



Started GET "/" for 127.0.0.1 at 2015-03-18 22:52:52 -0700
  [1m[36mActiveRecord::SchemaMigration Load (0.1ms)[0m  [1mSELECT "schema_migrations".* FROM "schema_migrations"[0m
Processing by Rails::WelcomeController#index as HTML
  Rendered /home/donpancho/.rvm/gems/ruby-2.1.3/gems/railties-4.1.8/lib/rails/templates/rails/welcome/index.html.erb (1.6ms)
Completed 200 OK in 19ms (Views: 7.8ms | ActiveRecord: 0.0ms)
  [1m[36m (3.9ms)[0m  [1mCREATE TABLE "schema_migrations" ("version" varchar(255) NOT NULL) [0m
  [1m[35m (0.1ms)[0m  select sqlite_version(*)
  [1m[36m (2.8ms)[0m  [1mCREATE UNIQUE INDEX "unique_schema_migrations" ON "schema_migrations" ("version")[0m
  [1m[35mActiveRecord::SchemaMigration Load (0.2ms)[0m  SELECT "schema_migrations".* FROM "schema_migrations"
Migrating to DeviseCreateUsers (20150301085108)
  [1m[36m (0.1ms)[0m  [1mbegin transaction[0m
  [1m[35m (0.3ms)[0m  CREATE TABLE "users" ("id" INTEGER PRIMARY KEY AUTOINCREMENT NOT NULL, "email" varchar(255) DEFAULT '' NOT NULL, "encrypted_password" varchar(255) DEFAULT '' NOT NULL, "f_name" varchar(255), "l_name" varchar(255), "user_name" varchar(255), "reset_password_token" varchar(255), "reset_password_sent_at" datetime, "remember_created_at" datetime, "sign_in_count" integer DEFAULT 0 NOT NULL, "current_sign_in_at" datetime, "last_sign_in_at" datetime, "current_sign_in_ip" varchar(255), "last_sign_in_ip" varchar(255), "created_at" datetime, "updated_at" datetime) 
  [1m[36m (0.2ms)[0m  [1mCREATE UNIQUE INDEX "index_users_on_email" ON "users" ("email")[0m
  [1m[35m (0.1ms)[0m              SELECT sql
            FROM sqlite_master
            WHERE name='index_users_on_email' AND type='index'
            UNION ALL
            SELECT sql
            FROM sqlite_temp_master
            WHERE name='index_users_on_email' AND type='index'

  [1m[36m (0.1ms)[0m  [1mCREATE UNIQUE INDEX "index_users_on_reset_password_token" ON "users" ("reset_password_token")[0m
  [1m[35mSQL (0.1ms)[0m  INSERT INTO "schema_migrations" ("version") VALUES (?)  [["version", "20150301085108"]]
  [1m[36m (2.4ms)[0m  [1mcommit transaction[0m
Migrating to CreateEvents (20150319034603)
  [1m[35m (0.1ms)[0m  begin transaction
  [1m[36m (0.2ms)[0m  [1mCREATE TABLE "events" ("id" INTEGER PRIMARY KEY AUTOINCREMENT NOT NULL, "e_name" varchar(255), "team_1" varchar(255), "team_2" varchar(255), "team_1_odds" float, "team_2_odds" float, "final_score" integer, "game_end_time" varchar(255), "total_pot" float, "created_at" datetime, "updated_at" datetime) [0m
  [1m[35mSQL (0.1ms)[0m  INSERT INTO "schema_migrations" ("version") VALUES (?)  [["version", "20150319034603"]]
  [1m[36m (2.6ms)[0m  [1mcommit transaction[0m
Migrating to CreateUserBets (20150319055005)
  [1m[35m (0.0ms)[0m  begin transaction
  [1m[36m (0.2ms)[0m  [1mCREATE TABLE "user_bets" ("id" INTEGER PRIMARY KEY AUTOINCREMENT NOT NULL, "wager" float, "game_id" varchar(255), "team_name" varchar(255), "created_at" datetime, "updated_at" datetime) [0m
  [1m[35mSQL (0.1ms)[0m  INSERT INTO "schema_migrations" ("version") VALUES (?)  [["version", "20150319055005"]]
  [1m[36m (2.3ms)[0m  [1mcommit transaction[0m
Migrating to CreateHomes (20150319060427)
  [1m[35m (0.0ms)[0m  begin transaction
  [1m[36m (0.2ms)[0m  [1mCREATE TABLE "homes" ("id" INTEGER PRIMARY KEY AUTOINCREMENT NOT NULL, "created_at" datetime, "updated_at" datetime) [0m
  [1m[35mSQL (0.1ms)[0m  INSERT INTO "schema_migrations" ("version") VALUES (?)  [["version", "20150319060427"]]
  [1m[36m (2.5ms)[0m  [1mcommit transaction[0m
  [1m[35mActiveRecord::SchemaMigration Load (0.1ms)[0m  SELECT "schema_migrations".* FROM "schema_migrations"
  [1m[36m (0.1ms)[0m  [1m            SELECT sql
            FROM sqlite_master
            WHERE name='index_users_on_reset_password_token' AND type='index'
            UNION ALL
            SELECT sql
            FROM sqlite_temp_master
            WHERE name='index_users_on_reset_password_token' AND type='index'
[0m
  [1m[35m (0.1ms)[0m              SELECT sql
            FROM sqlite_master
            WHERE name='index_users_on_email' AND type='index'
            UNION ALL
            SELECT sql
            FROM sqlite_temp_master
            WHERE name='index_users_on_email' AND type='index'

  [1m[36m (5.5ms)[0m  [1mCREATE TABLE "schema_migrations" ("version" varchar(255) NOT NULL) [0m
  [1m[35m (0.1ms)[0m  select sqlite_version(*)
  [1m[36m (2.6ms)[0m  [1mCREATE UNIQUE INDEX "unique_schema_migrations" ON "schema_migrations" ("version")[0m
  [1m[35mActiveRecord::SchemaMigration Load (0.2ms)[0m  SELECT "schema_migrations".* FROM "schema_migrations"
Migrating to DeviseCreateUsers (20150301085108)
  [1m[36m (0.1ms)[0m  [1mbegin transaction[0m
  [1m[35m (0.3ms)[0m  CREATE TABLE "users" ("id" INTEGER PRIMARY KEY AUTOINCREMENT NOT NULL, "email" varchar(255) DEFAULT '' NOT NULL, "encrypted_password" varchar(255) DEFAULT '' NOT NULL, "f_name" varchar(255), "l_name" varchar(255), "user_name" varchar(255), "reset_password_token" varchar(255), "reset_password_sent_at" datetime, "remember_created_at" datetime, "sign_in_count" integer DEFAULT 0 NOT NULL, "current_sign_in_at" datetime, "last_sign_in_at" datetime, "current_sign_in_ip" varchar(255), "last_sign_in_ip" varchar(255), "created_at" datetime, "updated_at" datetime) 
  [1m[36m (0.2ms)[0m  [1mCREATE UNIQUE INDEX "index_users_on_email" ON "users" ("email")[0m
  [1m[35m (0.1ms)[0m              SELECT sql
            FROM sqlite_master
            WHERE name='index_users_on_email' AND type='index'
            UNION ALL
            SELECT sql
            FROM sqlite_temp_master
            WHERE name='index_users_on_email' AND type='index'

  [1m[36m (0.1ms)[0m  [1mCREATE UNIQUE INDEX "index_users_on_reset_password_token" ON "users" ("reset_password_token")[0m
  [1m[35mSQL (0.1ms)[0m  INSERT INTO "schema_migrations" ("version") VALUES (?)  [["version", "20150301085108"]]
  [1m[36m (2.1ms)[0m  [1mcommit transaction[0m
Migrating to CreateEvents (20150319034603)
  [1m[35m (0.0ms)[0m  begin transaction
  [1m[36m (0.2ms)[0m  [1mCREATE TABLE "events" ("id" INTEGER PRIMARY KEY AUTOINCREMENT NOT NULL, "e_name" varchar(255), "team_1" varchar(255), "team_2" varchar(255), "team_1_odds" float, "team_2_odds" float, "final_score" integer, "game_end_time" varchar(255), "total_pot" float, "created_at" datetime, "updated_at" datetime) [0m
  [1m[35mSQL (0.1ms)[0m  INSERT INTO "schema_migrations" ("version") VALUES (?)  [["version", "20150319034603"]]
  [1m[36m (2.5ms)[0m  [1mcommit transaction[0m
Migrating to CreateUserBets (20150319055005)
  [1m[35m (0.1ms)[0m  begin transaction
  [1m[36m (0.2ms)[0m  [1mCREATE TABLE "user_bets" ("id" INTEGER PRIMARY KEY AUTOINCREMENT NOT NULL, "wager" float, "game_id" varchar(255), "team_name" varchar(255), "created_at" datetime, "updated_at" datetime) [0m
  [1m[35mSQL (0.1ms)[0m  INSERT INTO "schema_migrations" ("version") VALUES (?)  [["version", "20150319055005"]]
  [1m[36m (3.4ms)[0m  [1mcommit transaction[0m
Migrating to CreateHomes (20150319060427)
  [1m[35m (0.1ms)[0m  begin transaction
  [1m[36m (0.3ms)[0m  [1mCREATE TABLE "homes" ("id" INTEGER PRIMARY KEY AUTOINCREMENT NOT NULL, "created_at" datetime, "updated_at" datetime) [0m
  [1m[35mSQL (0.1ms)[0m  INSERT INTO "schema_migrations" ("version") VALUES (?)  [["version", "20150319060427"]]
  [1m[36m (2.6ms)[0m  [1mcommit transaction[0m
  [1m[35mActiveRecord::SchemaMigration Load (0.1ms)[0m  SELECT "schema_migrations".* FROM "schema_migrations"
  [1m[36m (0.1ms)[0m  [1m            SELECT sql
            FROM sqlite_master
            WHERE name='index_users_on_reset_password_token' AND type='index'
            UNION ALL
            SELECT sql
            FROM sqlite_temp_master
            WHERE name='index_users_on_reset_password_token' AND type='index'
[0m
  [1m[35m (0.1ms)[0m              SELECT sql
            FROM sqlite_master
            WHERE name='index_users_on_email' AND type='index'
            UNION ALL
            SELECT sql
            FROM sqlite_temp_master
            WHERE name='index_users_on_email' AND type='index'



Started GET "/" for 127.0.0.1 at 2015-03-18 23:10:16 -0700
  [1m[36mActiveRecord::SchemaMigration Load (0.1ms)[0m  [1mSELECT "schema_migrations".* FROM "schema_migrations"[0m
Processing by HomesController#index as HTML
Completed 401 Unauthorized in 15ms


Started GET "/users/sign_in" for 127.0.0.1 at 2015-03-18 23:10:16 -0700
Processing by Devise::SessionsController#new as HTML
  Rendered devise/shared/_links.html.erb (1.2ms)
  Rendered devise/sessions/new.html.erb within layouts/application (16.1ms)
Completed 200 OK in 1694ms (Views: 1675.7ms | ActiveRecord: 0.4ms)


Started GET "/assets/bootstrap_and_overrides.css?body=1" for 127.0.0.1 at 2015-03-18 23:10:17 -0700


Started GET "/assets/events.css?body=1" for 127.0.0.1 at 2015-03-18 23:10:17 -0700


Started GET "/assets/homes.css?body=1" for 127.0.0.1 at 2015-03-18 23:10:17 -0700


Started GET "/assets/scaffolds.css?body=1" for 127.0.0.1 at 2015-03-18 23:10:17 -0700


Started GET "/assets/user_bets.css?body=1" for 127.0.0.1 at 2015-03-18 23:10:17 -0700


Started GET "/assets/application.css?body=1" for 127.0.0.1 at 2015-03-18 23:10:17 -0700


Started GET "/assets/jquery.js?body=1" for 127.0.0.1 at 2015-03-18 23:10:18 -0700


Started GET "/assets/jquery_ujs.js?body=1" for 127.0.0.1 at 2015-03-18 23:10:18 -0700


Started GET "/assets/twitter/bootstrap/alert.js?body=1" for 127.0.0.1 at 2015-03-18 23:10:18 -0700


Started GET "/assets/twitter/bootstrap/transition.js?body=1" for 127.0.0.1 at 2015-03-18 23:10:18 -0700


Started GET "/assets/twitter/bootstrap/modal.js?body=1" for 127.0.0.1 at 2015-03-18 23:10:18 -0700


Started GET "/assets/twitter/bootstrap/dropdown.js?body=1" for 127.0.0.1 at 2015-03-18 23:10:18 -0700


Started GET "/assets/twitter/bootstrap/scrollspy.js?body=1" for 127.0.0.1 at 2015-03-18 23:10:18 -0700


Started GET "/assets/twitter/bootstrap/tab.js?body=1" for 127.0.0.1 at 2015-03-18 23:10:18 -0700


Started GET "/assets/twitter/bootstrap/tooltip.js?body=1" for 127.0.0.1 at 2015-03-18 23:10:18 -0700


Started GET "/assets/twitter/bootstrap/popover.js?body=1" for 127.0.0.1 at 2015-03-18 23:10:18 -0700


Started GET "/assets/twitter/bootstrap/button.js?body=1" for 127.0.0.1 at 2015-03-18 23:10:18 -0700


Started GET "/assets/twitter/bootstrap/collapse.js?body=1" for 127.0.0.1 at 2015-03-18 23:10:18 -0700


Started GET "/assets/twitter/bootstrap/carousel.js?body=1" for 127.0.0.1 at 2015-03-18 23:10:18 -0700


Started GET "/assets/twitter/bootstrap/affix.js?body=1" for 127.0.0.1 at 2015-03-18 23:10:18 -0700


Started GET "/assets/twitter/bootstrap.js?body=1" for 127.0.0.1 at 2015-03-18 23:10:18 -0700


Started GET "/assets/bootstrap.js?body=1" for 127.0.0.1 at 2015-03-18 23:10:18 -0700


Started GET "/assets/turbolinks.js?body=1" for 127.0.0.1 at 2015-03-18 23:10:18 -0700


Started GET "/assets/events.js?body=1" for 127.0.0.1 at 2015-03-18 23:10:18 -0700


Started GET "/assets/homes.js?body=1" for 127.0.0.1 at 2015-03-18 23:10:18 -0700


Started GET "/assets/user_bets.js?body=1" for 127.0.0.1 at 2015-03-18 23:10:18 -0700


Started GET "/assets/application.js?body=1" for 127.0.0.1 at 2015-03-18 23:10:18 -0700


Started GET "/images/favicon.ico" for 127.0.0.1 at 2015-03-18 23:10:18 -0700

ActionController::RoutingError (No route matches [GET] "/images/favicon.ico"):
  actionpack (4.1.8) lib/action_dispatch/middleware/debug_exceptions.rb:21:in `call'
  actionpack (4.1.8) lib/action_dispatch/middleware/show_exceptions.rb:30:in `call'
  railties (4.1.8) lib/rails/rack/logger.rb:38:in `call_app'
  railties (4.1.8) lib/rails/rack/logger.rb:20:in `block in call'
  activesupport (4.1.8) lib/active_support/tagged_logging.rb:68:in `block in tagged'
  activesupport (4.1.8) lib/active_support/tagged_logging.rb:26:in `tagged'
  activesupport (4.1.8) lib/active_support/tagged_logging.rb:68:in `tagged'
  railties (4.1.8) lib/rails/rack/logger.rb:20:in `call'
  actionpack (4.1.8) lib/action_dispatch/middleware/request_id.rb:21:in `call'
  rack (1.5.2) lib/rack/methodoverride.rb:21:in `call'
  rack (1.5.2) lib/rack/runtime.rb:17:in `call'
  activesupport (4.1.8) lib/active_support/cache/strategy/local_cache_middleware.rb:26:in `call'
  rack (1.5.2) lib/rack/lock.rb:17:in `call'
  actionpack (4.1.8) lib/action_dispatch/middleware/static.rb:84:in `call'
  rack (1.5.2) lib/rack/sendfile.rb:112:in `call'
  railties (4.1.8) lib/rails/engine.rb:514:in `call'
  railties (4.1.8) lib/rails/application.rb:144:in `call'
  rack (1.5.2) lib/rack/lock.rb:17:in `call'
  rack (1.5.2) lib/rack/content_length.rb:14:in `call'
  rack (1.5.2) lib/rack/handler/webrick.rb:60:in `service'
  /home/donpancho/.rvm/rubies/ruby-2.1.3/lib/ruby/2.1.0/webrick/httpserver.rb:138:in `service'
  /home/donpancho/.rvm/rubies/ruby-2.1.3/lib/ruby/2.1.0/webrick/httpserver.rb:94:in `run'
  /home/donpancho/.rvm/rubies/ruby-2.1.3/lib/ruby/2.1.0/webrick/server.rb:295:in `block in start_thread'


  Rendered /home/donpancho/.rvm/gems/ruby-2.1.3/gems/actionpack-4.1.8/lib/action_dispatch/middleware/templates/rescues/_trace.html.erb (1.1ms)
  Rendered /home/donpancho/.rvm/gems/ruby-2.1.3/gems/actionpack-4.1.8/lib/action_dispatch/middleware/templates/routes/_route.html.erb (3.6ms)
  Rendered /home/donpancho/.rvm/gems/ruby-2.1.3/gems/actionpack-4.1.8/lib/action_dispatch/middleware/templates/routes/_table.html.erb (1.8ms)
  Rendered /home/donpancho/.rvm/gems/ruby-2.1.3/gems/actionpack-4.1.8/lib/action_dispatch/middleware/templates/rescues/routing_error.html.erb within rescues/layout (31.4ms)


Started GET "/users/sign_up" for 127.0.0.1 at 2015-03-18 23:23:46 -0700
Processing by Devise::RegistrationsController#new as HTML
  Rendered devise/shared/_links.html.erb (0.3ms)
  Rendered devise/registrations/new.html.erb within layouts/application (3.4ms)
Completed 200 OK in 192ms (Views: 190.8ms | ActiveRecord: 0.0ms)


Started POST "/users" for 127.0.0.1 at 2015-03-18 23:23:58 -0700
Processing by Devise::RegistrationsController#create as HTML
  Parameters: {"utf8"=>"✓", "authenticity_token"=>"OznEG5gihhGS9NZ+LcS7H9a8MBdbhJ2ysWJGWbheq0k=", "user"=>{"email"=>"asdf@gmail.com", "password"=>"[FILTERED]", "password_confirmation"=>"[FILTERED]"}, "commit"=>"Sign up"}
  [1m[35m (0.1ms)[0m  begin transaction
  [1m[36mUser Exists (0.2ms)[0m  [1mSELECT  1 AS one FROM "users"  WHERE "users"."email" = 'asdf@gmail.com' LIMIT 1[0m
  [1m[35m (0.1ms)[0m  rollback transaction
  Rendered devise/shared/_links.html.erb (0.2ms)
  Rendered devise/registrations/new.html.erb within layouts/application (3.0ms)
Completed 200 OK in 281ms (Views: 197.2ms | ActiveRecord: 0.3ms)


Started GET "/assets/homes.css?body=1" for 127.0.0.1 at 2015-03-18 23:23:59 -0700


Started GET "/assets/user_bets.css?body=1" for 127.0.0.1 at 2015-03-18 23:23:59 -0700


Started GET "/assets/homes.js?body=1" for 127.0.0.1 at 2015-03-18 23:23:59 -0700


Started GET "/assets/user_bets.js?body=1" for 127.0.0.1 at 2015-03-18 23:23:59 -0700


Started POST "/users" for 127.0.0.1 at 2015-03-18 23:24:10 -0700
Processing by Devise::RegistrationsController#create as HTML
  Parameters: {"utf8"=>"✓", "authenticity_token"=>"OznEG5gihhGS9NZ+LcS7H9a8MBdbhJ2ysWJGWbheq0k=", "user"=>{"email"=>"asdf@gmail.com", "password"=>"[FILTERED]", "password_confirmation"=>"[FILTERED]"}, "commit"=>"Sign up"}
  [1m[36m (0.1ms)[0m  [1mbegin transaction[0m
  [1m[35mUser Exists (0.1ms)[0m  SELECT  1 AS one FROM "users"  WHERE "users"."email" = 'asdf@gmail.com' LIMIT 1
Binary data inserted for `string` type on column `encrypted_password`
  [1m[36mSQL (0.3ms)[0m  [1mINSERT INTO "users" ("created_at", "email", "encrypted_password", "updated_at") VALUES (?, ?, ?, ?)[0m  [["created_at", "2015-03-19 06:24:10.849398"], ["email", "asdf@gmail.com"], ["encrypted_password", "$2a$10$63OQMwrAzBemRrasDPPXOOvvpLGKFes8dfwkEBHO8GZb43j4fSdGK"], ["updated_at", "2015-03-19 06:24:10.849398"]]
  [1m[35m (4.5ms)[0m  commit transaction
  [1m[36m (0.1ms)[0m  [1mbegin transaction[0m
Binary data inserted for `string` type on column `current_sign_in_ip`
Binary data inserted for `string` type on column `last_sign_in_ip`
  [1m[35mSQL (0.3ms)[0m  UPDATE "users" SET "current_sign_in_at" = ?, "current_sign_in_ip" = ?, "last_sign_in_at" = ?, "last_sign_in_ip" = ?, "sign_in_count" = ?, "updated_at" = ? WHERE "users"."id" = 1  [["current_sign_in_at", "2015-03-19 06:24:10.857421"], ["current_sign_in_ip", "127.0.0.1"], ["last_sign_in_at", "2015-03-19 06:24:10.857421"], ["last_sign_in_ip", "127.0.0.1"], ["sign_in_count", 1], ["updated_at", "2015-03-19 06:24:10.858742"]]
  [1m[36m (2.9ms)[0m  [1mcommit transaction[0m
Redirected to http://localhost:3000/
Completed 302 Found in 86ms (ActiveRecord: 8.1ms)


Started GET "/" for 127.0.0.1 at 2015-03-18 23:24:10 -0700
Processing by HomesController#index as HTML
  [1m[35mUser Load (0.3ms)[0m  SELECT  "users".* FROM "users"  WHERE "users"."id" = 1  ORDER BY "users"."id" ASC LIMIT 1
Completed 500 Internal Server Error in 9ms

RuntimeError (In order to use respond_with, first you need to declare the formats your controller responds to in the class level.):
  app/controllers/homes_controller.rb:6:in `index'


  Rendered /home/donpancho/.rvm/gems/ruby-2.1.3/gems/actionpack-4.1.8/lib/action_dispatch/middleware/templates/rescues/_source.erb (0.6ms)
  Rendered /home/donpancho/.rvm/gems/ruby-2.1.3/gems/actionpack-4.1.8/lib/action_dispatch/middleware/templates/rescues/_trace.html.erb (1.5ms)
  Rendered /home/donpancho/.rvm/gems/ruby-2.1.3/gems/actionpack-4.1.8/lib/action_dispatch/middleware/templates/rescues/_request_and_response.html.erb (1.1ms)
  Rendered /home/donpancho/.rvm/gems/ruby-2.1.3/gems/actionpack-4.1.8/lib/action_dispatch/middleware/templates/rescues/diagnostics.erb within rescues/layout (15.3ms)


Started GET "/" for 127.0.0.1 at 2015-03-18 23:25:34 -0700
  [1m[36mActiveRecord::SchemaMigration Load (0.1ms)[0m  [1mSELECT "schema_migrations".* FROM "schema_migrations"[0m
Processing by HomesController#index as HTML
  [1m[35mUser Load (0.2ms)[0m  SELECT  "users".* FROM "users"  WHERE "users"."id" = 1  ORDER BY "users"."id" ASC LIMIT 1
  [1m[36mHome Load (0.1ms)[0m  [1mSELECT "homes".* FROM "homes"[0m
  Rendered homes/index.html.erb within layouts/application (1.9ms)
Completed 200 OK in 300ms (Views: 276.6ms | ActiveRecord: 0.6ms)


Started GET "/assets/bootstrap_and_overrides.css?body=1" for 127.0.0.1 at 2015-03-18 23:25:35 -0700


Started GET "/assets/homes.css?body=1" for 127.0.0.1 at 2015-03-18 23:25:35 -0700


Started GET "/assets/scaffolds.css?body=1" for 127.0.0.1 at 2015-03-18 23:25:35 -0700


Started GET "/assets/events.css?body=1" for 127.0.0.1 at 2015-03-18 23:25:35 -0700


Started GET "/assets/jquery_ujs.js?body=1" for 127.0.0.1 at 2015-03-18 23:25:35 -0700


Started GET "/assets/user_bets.css?body=1" for 127.0.0.1 at 2015-03-18 23:25:35 -0700


Started GET "/assets/twitter/bootstrap/transition.js?body=1" for 127.0.0.1 at 2015-03-18 23:25:35 -0700


Started GET "/assets/twitter/bootstrap/modal.js?body=1" for 127.0.0.1 at 2015-03-18 23:25:35 -0700


Started GET "/assets/twitter/bootstrap/alert.js?body=1" for 127.0.0.1 at 2015-03-18 23:25:35 -0700


Started GET "/assets/jquery.js?body=1" for 127.0.0.1 at 2015-03-18 23:25:35 -0700


Started GET "/assets/application.css?body=1" for 127.0.0.1 at 2015-03-18 23:25:35 -0700


Started GET "/assets/twitter/bootstrap/scrollspy.js?body=1" for 127.0.0.1 at 2015-03-18 23:25:35 -0700


Started GET "/assets/twitter/bootstrap/dropdown.js?body=1" for 127.0.0.1 at 2015-03-18 23:25:35 -0700


Started GET "/assets/twitter/bootstrap/tooltip.js?body=1" for 127.0.0.1 at 2015-03-18 23:25:35 -0700


Started GET "/assets/twitter/bootstrap/tab.js?body=1" for 127.0.0.1 at 2015-03-18 23:25:35 -0700


Started GET "/assets/twitter/bootstrap/popover.js?body=1" for 127.0.0.1 at 2015-03-18 23:25:35 -0700


Started GET "/assets/twitter/bootstrap/collapse.js?body=1" for 127.0.0.1 at 2015-03-18 23:25:35 -0700


Started GET "/assets/twitter/bootstrap/button.js?body=1" for 127.0.0.1 at 2015-03-18 23:25:35 -0700


Started GET "/assets/twitter/bootstrap.js?body=1" for 127.0.0.1 at 2015-03-18 23:25:35 -0700


Started GET "/assets/twitter/bootstrap/carousel.js?body=1" for 127.0.0.1 at 2015-03-18 23:25:35 -0700


Started GET "/assets/twitter/bootstrap/affix.js?body=1" for 127.0.0.1 at 2015-03-18 23:25:35 -0700


Started GET "/assets/turbolinks.js?body=1" for 127.0.0.1 at 2015-03-18 23:25:35 -0700


Started GET "/assets/events.js?body=1" for 127.0.0.1 at 2015-03-18 23:25:35 -0700


Started GET "/assets/bootstrap.js?body=1" for 127.0.0.1 at 2015-03-18 23:25:35 -0700


Started GET "/assets/user_bets.js?body=1" for 127.0.0.1 at 2015-03-18 23:25:35 -0700


Started GET "/assets/homes.js?body=1" for 127.0.0.1 at 2015-03-18 23:25:35 -0700


Started GET "/assets/application.js?body=1" for 127.0.0.1 at 2015-03-18 23:25:35 -0700


Started GET "/" for 127.0.0.1 at 2015-03-18 23:25:46 -0700
Processing by HomesController#index as HTML
  [1m[35mUser Load (0.4ms)[0m  SELECT  "users".* FROM "users"  WHERE "users"."id" = 1  ORDER BY "users"."id" ASC LIMIT 1
  [1m[36mHome Load (0.1ms)[0m  [1mSELECT "homes".* FROM "homes"[0m
  Rendered homes/index.html.erb within layouts/application (0.5ms)
Completed 200 OK in 187ms (Views: 183.8ms | ActiveRecord: 0.4ms)


Started GET "/assets/events.css?body=1" for 127.0.0.1 at 2015-03-18 23:25:46 -0700


Started GET "/assets/homes.css?body=1" for 127.0.0.1 at 2015-03-18 23:25:46 -0700


Started GET "/assets/bootstrap_and_overrides.css?body=1" for 127.0.0.1 at 2015-03-18 23:25:46 -0700


Started GET "/assets/scaffolds.css?body=1" for 127.0.0.1 at 2015-03-18 23:25:46 -0700


Started GET "/assets/application.css?body=1" for 127.0.0.1 at 2015-03-18 23:25:46 -0700


Started GET "/assets/user_bets.css?body=1" for 127.0.0.1 at 2015-03-18 23:25:46 -0700


Started GET "/assets/jquery.js?body=1" for 127.0.0.1 at 2015-03-18 23:25:46 -0700


Started GET "/assets/jquery_ujs.js?body=1" for 127.0.0.1 at 2015-03-18 23:25:46 -0700


Started GET "/assets/twitter/bootstrap/transition.js?body=1" for 127.0.0.1 at 2015-03-18 23:25:46 -0700


Started GET "/assets/twitter/bootstrap/alert.js?body=1" for 127.0.0.1 at 2015-03-18 23:25:46 -0700


Started GET "/assets/twitter/bootstrap/modal.js?body=1" for 127.0.0.1 at 2015-03-18 23:25:46 -0700


Started GET "/assets/twitter/bootstrap/dropdown.js?body=1" for 127.0.0.1 at 2015-03-18 23:25:46 -0700


Started GET "/assets/twitter/bootstrap/scrollspy.js?body=1" for 127.0.0.1 at 2015-03-18 23:25:46 -0700


Started GET "/assets/twitter/bootstrap/tab.js?body=1" for 127.0.0.1 at 2015-03-18 23:25:46 -0700


Started GET "/assets/twitter/bootstrap/tooltip.js?body=1" for 127.0.0.1 at 2015-03-18 23:25:46 -0700


Started GET "/assets/twitter/bootstrap/popover.js?body=1" for 127.0.0.1 at 2015-03-18 23:25:46 -0700


Started GET "/assets/twitter/bootstrap/button.js?body=1" for 127.0.0.1 at 2015-03-18 23:25:46 -0700


Started GET "/assets/twitter/bootstrap/collapse.js?body=1" for 127.0.0.1 at 2015-03-18 23:25:46 -0700


Started GET "/assets/twitter/bootstrap/carousel.js?body=1" for 127.0.0.1 at 2015-03-18 23:25:46 -0700


Started GET "/assets/twitter/bootstrap/affix.js?body=1" for 127.0.0.1 at 2015-03-18 23:25:46 -0700


Started GET "/assets/twitter/bootstrap.js?body=1" for 127.0.0.1 at 2015-03-18 23:25:46 -0700


Started GET "/assets/turbolinks.js?body=1" for 127.0.0.1 at 2015-03-18 23:25:46 -0700


Started GET "/assets/bootstrap.js?body=1" for 127.0.0.1 at 2015-03-18 23:25:46 -0700


Started GET "/assets/events.js?body=1" for 127.0.0.1 at 2015-03-18 23:25:46 -0700


Started GET "/assets/homes.js?body=1" for 127.0.0.1 at 2015-03-18 23:25:46 -0700


Started GET "/assets/user_bets.js?body=1" for 127.0.0.1 at 2015-03-18 23:25:46 -0700


Started GET "/assets/application.js?body=1" for 127.0.0.1 at 2015-03-18 23:25:46 -0700


Started GET "/path1" for 127.0.0.1 at 2015-03-18 23:25:48 -0700

ActionController::RoutingError (No route matches [GET] "/path1"):
  actionpack (4.1.8) lib/action_dispatch/middleware/debug_exceptions.rb:21:in `call'
  actionpack (4.1.8) lib/action_dispatch/middleware/show_exceptions.rb:30:in `call'
  railties (4.1.8) lib/rails/rack/logger.rb:38:in `call_app'
  railties (4.1.8) lib/rails/rack/logger.rb:20:in `block in call'
  activesupport (4.1.8) lib/active_support/tagged_logging.rb:68:in `block in tagged'
  activesupport (4.1.8) lib/active_support/tagged_logging.rb:26:in `tagged'
  activesupport (4.1.8) lib/active_support/tagged_logging.rb:68:in `tagged'
  railties (4.1.8) lib/rails/rack/logger.rb:20:in `call'
  actionpack (4.1.8) lib/action_dispatch/middleware/request_id.rb:21:in `call'
  rack (1.5.2) lib/rack/methodoverride.rb:21:in `call'
  rack (1.5.2) lib/rack/runtime.rb:17:in `call'
  activesupport (4.1.8) lib/active_support/cache/strategy/local_cache_middleware.rb:26:in `call'
  rack (1.5.2) lib/rack/lock.rb:17:in `call'
  actionpack (4.1.8) lib/action_dispatch/middleware/static.rb:84:in `call'
  rack (1.5.2) lib/rack/sendfile.rb:112:in `call'
  railties (4.1.8) lib/rails/engine.rb:514:in `call'
  railties (4.1.8) lib/rails/application.rb:144:in `call'
  rack (1.5.2) lib/rack/lock.rb:17:in `call'
  rack (1.5.2) lib/rack/content_length.rb:14:in `call'
  rack (1.5.2) lib/rack/handler/webrick.rb:60:in `service'
  /home/donpancho/.rvm/rubies/ruby-2.1.3/lib/ruby/2.1.0/webrick/httpserver.rb:138:in `service'
  /home/donpancho/.rvm/rubies/ruby-2.1.3/lib/ruby/2.1.0/webrick/httpserver.rb:94:in `run'
  /home/donpancho/.rvm/rubies/ruby-2.1.3/lib/ruby/2.1.0/webrick/server.rb:295:in `block in start_thread'


  Rendered /home/donpancho/.rvm/gems/ruby-2.1.3/gems/actionpack-4.1.8/lib/action_dispatch/middleware/templates/rescues/_trace.html.erb (0.8ms)
  Rendered /home/donpancho/.rvm/gems/ruby-2.1.3/gems/actionpack-4.1.8/lib/action_dispatch/middleware/templates/routes/_route.html.erb (3.7ms)
  Rendered /home/donpancho/.rvm/gems/ruby-2.1.3/gems/actionpack-4.1.8/lib/action_dispatch/middleware/templates/routes/_table.html.erb (4.8ms)
  Rendered /home/donpancho/.rvm/gems/ruby-2.1.3/gems/actionpack-4.1.8/lib/action_dispatch/middleware/templates/rescues/routing_error.html.erb within rescues/layout (32.4ms)


Started GET "/path1" for 127.0.0.1 at 2015-03-18 23:25:48 -0700

ActionController::RoutingError (No route matches [GET] "/path1"):
  actionpack (4.1.8) lib/action_dispatch/middleware/debug_exceptions.rb:21:in `call'
  actionpack (4.1.8) lib/action_dispatch/middleware/show_exceptions.rb:30:in `call'
  railties (4.1.8) lib/rails/rack/logger.rb:38:in `call_app'
  railties (4.1.8) lib/rails/rack/logger.rb:20:in `block in call'
  activesupport (4.1.8) lib/active_support/tagged_logging.rb:68:in `block in tagged'
  activesupport (4.1.8) lib/active_support/tagged_logging.rb:26:in `tagged'
  activesupport (4.1.8) lib/active_support/tagged_logging.rb:68:in `tagged'
  railties (4.1.8) lib/rails/rack/logger.rb:20:in `call'
  actionpack (4.1.8) lib/action_dispatch/middleware/request_id.rb:21:in `call'
  rack (1.5.2) lib/rack/methodoverride.rb:21:in `call'
  rack (1.5.2) lib/rack/runtime.rb:17:in `call'
  activesupport (4.1.8) lib/active_support/cache/strategy/local_cache_middleware.rb:26:in `call'
  rack (1.5.2) lib/rack/lock.rb:17:in `call'
  actionpack (4.1.8) lib/action_dispatch/middleware/static.rb:84:in `call'
  rack (1.5.2) lib/rack/sendfile.rb:112:in `call'
  railties (4.1.8) lib/rails/engine.rb:514:in `call'
  railties (4.1.8) lib/rails/application.rb:144:in `call'
  rack (1.5.2) lib/rack/lock.rb:17:in `call'
  rack (1.5.2) lib/rack/content_length.rb:14:in `call'
  rack (1.5.2) lib/rack/handler/webrick.rb:60:in `service'
  /home/donpancho/.rvm/rubies/ruby-2.1.3/lib/ruby/2.1.0/webrick/httpserver.rb:138:in `service'
  /home/donpancho/.rvm/rubies/ruby-2.1.3/lib/ruby/2.1.0/webrick/httpserver.rb:94:in `run'
  /home/donpancho/.rvm/rubies/ruby-2.1.3/lib/ruby/2.1.0/webrick/server.rb:295:in `block in start_thread'


  Rendered /home/donpancho/.rvm/gems/ruby-2.1.3/gems/actionpack-4.1.8/lib/action_dispatch/middleware/templates/rescues/_trace.html.erb (0.8ms)
  Rendered /home/donpancho/.rvm/gems/ruby-2.1.3/gems/actionpack-4.1.8/lib/action_dispatch/middleware/templates/routes/_route.html.erb (3.0ms)
  Rendered /home/donpancho/.rvm/gems/ruby-2.1.3/gems/actionpack-4.1.8/lib/action_dispatch/middleware/templates/routes/_table.html.erb (0.9ms)
  Rendered /home/donpancho/.rvm/gems/ruby-2.1.3/gems/actionpack-4.1.8/lib/action_dispatch/middleware/templates/rescues/routing_error.html.erb within rescues/layout (25.1ms)


Started GET "/" for 127.0.0.1 at 2015-03-18 23:26:02 -0700
Processing by HomesController#index as HTML
  [1m[35mUser Load (0.2ms)[0m  SELECT  "users".* FROM "users"  WHERE "users"."id" = 1  ORDER BY "users"."id" ASC LIMIT 1
  [1m[36mHome Load (0.1ms)[0m  [1mSELECT "homes".* FROM "homes"[0m
  Rendered homes/index.html.erb within layouts/application (1.1ms)
Completed 200 OK in 215ms (Views: 213.1ms | ActiveRecord: 0.3ms)
