I, [2015-02-14T11:52:15.316775 #3710]  INFO -- : Migrating to CreateHomes (20150214195032)
I, [2015-02-14T12:22:53.937614 #4954]  INFO -- : Migrating to CreateProfessors (20150214201220)
I, [2015-03-01T16:37:36.716697 #29353]  INFO -- : Migrating to CreateHomes (20150214195032)
I, [2015-03-01T16:37:36.906928 #29353]  INFO -- : Migrating to CreateTestrs (20150301082128)
I, [2015-03-01T16:37:37.074327 #29353]  INFO -- : Migrating to DeviseCreateUsers (20150301085108)
I, [2015-03-01T16:47:58.901005 #30368]  INFO -- : Migrating to CreateHomes (20150214195032)
I, [2015-03-01T16:47:59.093943 #30368]  INFO -- : Migrating to CreateTestrs (20150301082128)
I, [2015-03-01T16:47:59.261398 #30368]  INFO -- : Migrating to DeviseCreateUsers (20150301085108)
I, [2015-03-01T16:51:21.915400 #30764]  INFO -- : Started GET "/mcsq" for 192.168.1.1 at 2015-03-01 16:51:21 -0800
I, [2015-03-01T16:51:21.954082 #30764]  INFO -- : Processing by TestrsController#index as HTML
I, [2015-03-01T16:51:21.978666 #30764]  INFO -- : Completed 401 Unauthorized in 24ms
I, [2015-03-01T16:51:22.022333 #30764]  INFO -- : Started GET "/mcsq/users/sign_in" for 192.168.1.1 at 2015-03-01 16:51:22 -0800
I, [2015-03-01T16:51:22.027374 #30764]  INFO -- : Processing by Devise::SessionsController#new as HTML
I, [2015-03-01T16:51:22.111237 #30764]  INFO -- :   Rendered devise/shared/_links.html.erb (3.7ms)
I, [2015-03-01T16:51:22.111552 #30764]  INFO -- :   Rendered devise/sessions/new.html.erb within layouts/application (15.2ms)
I, [2015-03-01T16:51:22.119667 #30764]  INFO -- : Completed 200 OK in 92ms (Views: 37.3ms | ActiveRecord: 2.3ms)
I, [2015-03-01T16:51:23.011009 #30764]  INFO -- : Started GET "/mcsq/images/favicon.ico" for 192.168.1.1 at 2015-03-01 16:51:23 -0800
F, [2015-03-01T16:51:23.017564 #30764] FATAL -- : 
ActionController::RoutingError (No route matches [GET] "/images/favicon.ico"):
  actionpack (4.1.8) lib/action_dispatch/middleware/debug_exceptions.rb:21:in `call'
  actionpack (4.1.8) lib/action_dispatch/middleware/show_exceptions.rb:30:in `call'
  railties (4.1.8) lib/rails/rack/logger.rb:38:in `call_app'
  railties (4.1.8) lib/rails/rack/logger.rb:20:in `block in call'
  activesupport (4.1.8) lib/active_support/tagged_logging.rb:68:in `block in tagged'
  activesupport (4.1.8) lib/active_support/tagged_logging.rb:26:in `tagged'
  activesupport (4.1.8) lib/active_support/tagged_logging.rb:68:in `tagged'
  railties (4.1.8) lib/rails/rack/logger.rb:20:in `call'
  actionpack (4.1.8) lib/action_dispatch/middleware/request_id.rb:21:in `call'
  rack (1.5.2) lib/rack/methodoverride.rb:21:in `call'
  rack (1.5.2) lib/rack/runtime.rb:17:in `call'
  activesupport (4.1.8) lib/active_support/cache/strategy/local_cache_middleware.rb:26:in `call'
  rack (1.5.2) lib/rack/sendfile.rb:112:in `call'
  railties (4.1.8) lib/rails/engine.rb:514:in `call'
  railties (4.1.8) lib/rails/application.rb:144:in `call'
  passenger (4.0.58) lib/phusion_passenger/rack/thread_handler_extension.rb:74:in `process_request'
  passenger (4.0.58) lib/phusion_passenger/request_handler/thread_handler.rb:141:in `accept_and_process_next_request'
  passenger (4.0.58) lib/phusion_passenger/request_handler/thread_handler.rb:109:in `main_loop'
  passenger (4.0.58) lib/phusion_passenger/request_handler.rb:455:in `block (3 levels) in start_threads'


I, [2015-03-01T16:51:38.422468 #30764]  INFO -- : Started GET "/mcsq/users/sign_up" for 192.168.1.1 at 2015-03-01 16:51:38 -0800
I, [2015-03-01T16:51:38.431618 #30764]  INFO -- : Processing by Devise::RegistrationsController#new as HTML
I, [2015-03-01T16:51:38.456938 #30764]  INFO -- :   Rendered devise/shared/_links.html.erb (0.9ms)
I, [2015-03-01T16:51:38.457211 #30764]  INFO -- :   Rendered devise/registrations/new.html.erb within layouts/application (10.9ms)
I, [2015-03-01T16:51:38.461070 #30764]  INFO -- : Completed 200 OK in 29ms (Views: 23.0ms | ActiveRecord: 0.0ms)
I, [2015-03-01T16:51:51.468978 #30764]  INFO -- : Started POST "/mcsq/users" for 192.168.1.1 at 2015-03-01 16:51:51 -0800
I, [2015-03-01T16:51:51.474658 #30764]  INFO -- : Processing by Devise::RegistrationsController#create as HTML
I, [2015-03-01T16:51:51.475170 #30764]  INFO -- :   Parameters: {"utf8"=>"✓", "authenticity_token"=>"Z9vHi/2ENuRBfVQ4fNTBzx4m7Ha7QRscAsqCdBtnZQM=", "user"=>{"email"=>"asdf@gmail.com", "password"=>"[FILTERED]", "password_confirmation"=>"[FILTERED]"}, "commit"=>"Sign up"}
E, [2015-03-01T16:51:51.600842 #30764] ERROR -- : Binary data inserted for `string` type on column `encrypted_password`
E, [2015-03-01T16:51:51.785522 #30764] ERROR -- : Binary data inserted for `string` type on column `current_sign_in_ip`
E, [2015-03-01T16:51:51.785748 #30764] ERROR -- : Binary data inserted for `string` type on column `last_sign_in_ip`
I, [2015-03-01T16:51:51.978103 #30764]  INFO -- : Redirected to http://98.244.18.147/mcsq/
I, [2015-03-01T16:51:51.978510 #30764]  INFO -- : Completed 302 Found in 503ms (ActiveRecord: 354.5ms)
I, [2015-03-01T16:51:51.996414 #30764]  INFO -- : Started GET "/mcsq/" for 192.168.1.1 at 2015-03-01 16:51:51 -0800
I, [2015-03-01T16:51:51.999878 #30764]  INFO -- : Processing by TestrsController#index as HTML
I, [2015-03-01T16:51:52.024569 #30764]  INFO -- :   Rendered testrs/index.html.erb within layouts/application (5.1ms)
I, [2015-03-01T16:51:52.028033 #30764]  INFO -- : Completed 200 OK in 28ms (Views: 16.7ms | ActiveRecord: 1.3ms)
I, [2015-03-01T16:52:01.390548 #30764]  INFO -- : Started GET "/mcsq/testrs/new" for 192.168.1.1 at 2015-03-01 16:52:01 -0800
I, [2015-03-01T16:52:01.396703 #30764]  INFO -- : Processing by TestrsController#new as HTML
I, [2015-03-01T16:52:01.431529 #30764]  INFO -- :   Rendered testrs/_form.html.erb (13.9ms)
I, [2015-03-01T16:52:01.432105 #30764]  INFO -- :   Rendered testrs/new.html.erb within layouts/application (19.2ms)
I, [2015-03-01T16:52:01.435552 #30764]  INFO -- : Completed 200 OK in 38ms (Views: 26.8ms | ActiveRecord: 2.2ms)
I, [2015-03-01T17:04:53.085547 #30764]  INFO -- : Started GET "/mcsq/users/sign_up" for 192.168.1.1 at 2015-03-01 17:04:53 -0800
I, [2015-03-01T17:04:53.090104 #30764]  INFO -- : Processing by Devise::RegistrationsController#new as HTML
I, [2015-03-01T17:04:53.099114 #30764]  INFO -- : Redirected to http://98.244.18.147/mcsq/
I, [2015-03-01T17:04:53.099725 #30764]  INFO -- : Filter chain halted as :require_no_authentication rendered or redirected
I, [2015-03-01T17:04:53.100230 #30764]  INFO -- : Completed 302 Found in 10ms (ActiveRecord: 0.9ms)
I, [2015-03-01T17:04:53.117601 #30764]  INFO -- : Started GET "/mcsq/" for 192.168.1.1 at 2015-03-01 17:04:53 -0800
I, [2015-03-01T17:04:53.121475 #30764]  INFO -- : Processing by TestrsController#index as HTML
I, [2015-03-01T17:04:53.133506 #30764]  INFO -- :   Rendered testrs/index.html.erb within layouts/application (2.9ms)
I, [2015-03-01T17:04:53.141106 #30764]  INFO -- : Completed 200 OK in 19ms (Views: 11.3ms | ActiveRecord: 1.5ms)
I, [2015-03-01T17:04:57.487926 #30764]  INFO -- : Started GET "/mcsq/" for 192.168.1.1 at 2015-03-01 17:04:57 -0800
I, [2015-03-01T17:04:57.491490 #30764]  INFO -- : Processing by TestrsController#index as HTML
I, [2015-03-01T17:04:57.503284 #30764]  INFO -- :   Rendered testrs/index.html.erb within layouts/application (2.7ms)
I, [2015-03-01T17:04:57.510473 #30764]  INFO -- : Completed 200 OK in 19ms (Views: 10.6ms | ActiveRecord: 1.5ms)
I, [2015-03-01T17:04:58.792096 #30764]  INFO -- : Started GET "/mcsq/" for 192.168.1.1 at 2015-03-01 17:04:58 -0800
I, [2015-03-01T17:04:58.795618 #30764]  INFO -- : Processing by TestrsController#index as HTML
I, [2015-03-01T17:04:58.807169 #30764]  INFO -- :   Rendered testrs/index.html.erb within layouts/application (2.6ms)
I, [2015-03-01T17:04:58.814081 #30764]  INFO -- : Completed 200 OK in 18ms (Views: 10.4ms | ActiveRecord: 1.5ms)
I, [2015-03-01T17:05:17.942337 #31627]  INFO -- : Started GET "/mcsq/" for 192.168.1.1 at 2015-03-01 17:05:17 -0800
I, [2015-03-01T17:05:17.981708 #31627]  INFO -- : Processing by TestrsController#index as HTML
I, [2015-03-01T17:05:18.044037 #31627]  INFO -- :   Rendered testrs/index.html.erb within layouts/application (4.3ms)
I, [2015-03-01T17:05:18.051497 #31627]  INFO -- : Completed 200 OK in 69ms (Views: 17.2ms | ActiveRecord: 2.4ms)
I, [2015-03-01T17:05:26.681008 #31627]  INFO -- : Started DELETE "/mcsq/users/sign_out" for 192.168.1.1 at 2015-03-01 17:05:26 -0800
I, [2015-03-01T17:05:26.684966 #31627]  INFO -- : Processing by Devise::SessionsController#destroy as HTML
I, [2015-03-01T17:05:26.685150 #31627]  INFO -- :   Parameters: {"authenticity_token"=>"Z9vHi/2ENuRBfVQ4fNTBzx4m7Ha7QRscAsqCdBtnZQM="}
I, [2015-03-01T17:05:26.740820 #31627]  INFO -- : Redirected to http://98.244.18.147/mcsq/
I, [2015-03-01T17:05:26.741306 #31627]  INFO -- : Completed 302 Found in 56ms (ActiveRecord: 0.8ms)
I, [2015-03-01T17:05:26.750957 #31627]  INFO -- : Started GET "/mcsq/" for 192.168.1.1 at 2015-03-01 17:05:26 -0800
I, [2015-03-01T17:05:26.753558 #31627]  INFO -- : Processing by TestrsController#index as HTML
I, [2015-03-01T17:05:26.765434 #31627]  INFO -- : Completed 401 Unauthorized in 12ms
I, [2015-03-01T17:05:26.779702 #31627]  INFO -- : Started GET "/mcsq/users/sign_in" for 192.168.1.1 at 2015-03-01 17:05:26 -0800
I, [2015-03-01T17:05:26.782632 #31627]  INFO -- : Processing by Devise::SessionsController#new as HTML
I, [2015-03-01T17:05:26.809453 #31627]  INFO -- :   Rendered devise/shared/_links.html.erb (3.0ms)
I, [2015-03-01T17:05:26.809738 #31627]  INFO -- :   Rendered devise/sessions/new.html.erb within layouts/application (14.0ms)
I, [2015-03-01T17:05:26.813959 #31627]  INFO -- : Completed 200 OK in 31ms (Views: 24.8ms | ActiveRecord: 0.0ms)
I, [2015-03-01T17:05:30.593013 #31627]  INFO -- : Started GET "/mcsq/users/sign_in" for 192.168.1.1 at 2015-03-01 17:05:30 -0800
I, [2015-03-01T17:05:30.597450 #31627]  INFO -- : Processing by Devise::SessionsController#new as HTML
I, [2015-03-01T17:05:30.619732 #31627]  INFO -- :   Rendered devise/shared/_links.html.erb (2.0ms)
I, [2015-03-01T17:05:30.620323 #31627]  INFO -- :   Rendered devise/sessions/new.html.erb within layouts/application (15.3ms)
I, [2015-03-01T17:05:30.628460 #31627]  INFO -- : Completed 200 OK in 30ms (Views: 25.0ms | ActiveRecord: 0.0ms)
I, [2015-03-01T17:14:07.569685 #31627]  INFO -- : Started GET "/mcsq" for 192.168.1.1 at 2015-03-01 17:14:07 -0800
I, [2015-03-01T17:14:07.573658 #31627]  INFO -- : Processing by TestrsController#index as HTML
I, [2015-03-01T17:14:07.576844 #31627]  INFO -- : Completed 401 Unauthorized in 3ms
I, [2015-03-01T17:14:07.592515 #31627]  INFO -- : Started GET "/mcsq/users/sign_in" for 192.168.1.1 at 2015-03-01 17:14:07 -0800
I, [2015-03-01T17:14:07.596805 #31627]  INFO -- : Processing by Devise::SessionsController#new as HTML
I, [2015-03-01T17:14:07.617176 #31627]  INFO -- :   Rendered devise/shared/_links.html.erb (1.9ms)
I, [2015-03-01T17:14:07.617783 #31627]  INFO -- :   Rendered devise/sessions/new.html.erb within layouts/application (13.9ms)
I, [2015-03-01T17:14:07.625715 #31627]  INFO -- : Completed 200 OK in 28ms (Views: 23.4ms | ActiveRecord: 0.0ms)
I, [2015-03-01T17:57:00.094480 #31627]  INFO -- : Started GET "/mcsq" for 192.168.1.1 at 2015-03-01 17:57:00 -0800
I, [2015-03-01T17:57:00.098481 #31627]  INFO -- : Processing by TestrsController#index as HTML
I, [2015-03-01T17:57:00.101932 #31627]  INFO -- : Completed 401 Unauthorized in 3ms
I, [2015-03-01T17:57:00.118848 #31627]  INFO -- : Started GET "/mcsq/users/sign_in" for 192.168.1.1 at 2015-03-01 17:57:00 -0800
I, [2015-03-01T17:57:00.122967 #31627]  INFO -- : Processing by Devise::SessionsController#new as HTML
I, [2015-03-01T17:57:00.143592 #31627]  INFO -- :   Rendered devise/shared/_links.html.erb (2.0ms)
I, [2015-03-01T17:57:00.144201 #31627]  INFO -- :   Rendered devise/sessions/new.html.erb within layouts/application (14.2ms)
I, [2015-03-01T17:57:00.152181 #31627]  INFO -- : Completed 200 OK in 29ms (Views: 23.4ms | ActiveRecord: 0.0ms)
I, [2015-03-01T17:57:18.495582 #31627]  INFO -- : Started GET "/mcsq/users/sign_in" for 192.168.1.1 at 2015-03-01 17:57:18 -0800
I, [2015-03-01T17:57:18.499490 #31627]  INFO -- : Processing by Devise::SessionsController#new as HTML
I, [2015-03-01T17:57:18.519381 #31627]  INFO -- :   Rendered devise/shared/_links.html.erb (2.0ms)
I, [2015-03-01T17:57:18.520021 #31627]  INFO -- :   Rendered devise/sessions/new.html.erb within layouts/application (13.7ms)
I, [2015-03-01T17:57:18.527559 #31627]  INFO -- : Completed 200 OK in 28ms (Views: 22.4ms | ActiveRecord: 0.0ms)
I, [2015-03-02T19:58:17.741392 #31627]  INFO -- : Started GET "/mcsq" for 192.168.1.1 at 2015-03-02 19:58:17 -0800
I, [2015-03-02T19:58:17.743139 #31627]  INFO -- : Processing by TestrsController#index as HTML
I, [2015-03-02T19:58:17.744467 #31627]  INFO -- : Completed 401 Unauthorized in 1ms
I, [2015-03-02T19:58:17.789585 #31627]  INFO -- : Started GET "/mcsq/users/sign_in" for 192.168.1.1 at 2015-03-02 19:58:17 -0800
I, [2015-03-02T19:58:17.793556 #31627]  INFO -- : Processing by Devise::SessionsController#new as HTML
I, [2015-03-02T19:58:17.813592 #31627]  INFO -- :   Rendered devise/shared/_links.html.erb (1.8ms)
I, [2015-03-02T19:58:17.814181 #31627]  INFO -- :   Rendered devise/sessions/new.html.erb within layouts/application (13.7ms)
I, [2015-03-02T19:58:17.822067 #31627]  INFO -- : Completed 200 OK in 28ms (Views: 22.9ms | ActiveRecord: 0.0ms)
I, [2015-03-02T19:58:18.187329 #31627]  INFO -- : Started GET "/mcsq/images/favicon.ico" for 192.168.1.1 at 2015-03-02 19:58:18 -0800
F, [2015-03-02T19:58:18.193001 #31627] FATAL -- : 
ActionController::RoutingError (No route matches [GET] "/images/favicon.ico"):
  actionpack (4.1.8) lib/action_dispatch/middleware/debug_exceptions.rb:21:in `call'
  actionpack (4.1.8) lib/action_dispatch/middleware/show_exceptions.rb:30:in `call'
  railties (4.1.8) lib/rails/rack/logger.rb:38:in `call_app'
  railties (4.1.8) lib/rails/rack/logger.rb:20:in `block in call'
  activesupport (4.1.8) lib/active_support/tagged_logging.rb:68:in `block in tagged'
  activesupport (4.1.8) lib/active_support/tagged_logging.rb:26:in `tagged'
  activesupport (4.1.8) lib/active_support/tagged_logging.rb:68:in `tagged'
  railties (4.1.8) lib/rails/rack/logger.rb:20:in `call'
  actionpack (4.1.8) lib/action_dispatch/middleware/request_id.rb:21:in `call'
  rack (1.5.2) lib/rack/methodoverride.rb:21:in `call'
  rack (1.5.2) lib/rack/runtime.rb:17:in `call'
  activesupport (4.1.8) lib/active_support/cache/strategy/local_cache_middleware.rb:26:in `call'
  rack (1.5.2) lib/rack/sendfile.rb:112:in `call'
  railties (4.1.8) lib/rails/engine.rb:514:in `call'
  railties (4.1.8) lib/rails/application.rb:144:in `call'
  passenger (4.0.58) lib/phusion_passenger/rack/thread_handler_extension.rb:74:in `process_request'
  passenger (4.0.58) lib/phusion_passenger/request_handler/thread_handler.rb:141:in `accept_and_process_next_request'
  passenger (4.0.58) lib/phusion_passenger/request_handler/thread_handler.rb:109:in `main_loop'
  passenger (4.0.58) lib/phusion_passenger/request_handler.rb:455:in `block (3 levels) in start_threads'


I, [2015-03-05T16:32:57.622860 #28066]  INFO -- : Started GET "/mcsq" for 172.56.38.184 at 2015-03-05 16:32:57 -0800
I, [2015-03-05T16:32:57.717727 #28066]  INFO -- : Processing by TestrsController#index as HTML
I, [2015-03-05T16:32:57.741260 #28066]  INFO -- : Completed 401 Unauthorized in 23ms
I, [2015-03-05T16:32:58.037894 #28066]  INFO -- : Started GET "/mcsq/users/sign_in" for 172.56.38.184 at 2015-03-05 16:32:58 -0800
I, [2015-03-05T16:32:58.046926 #28066]  INFO -- : Processing by Devise::SessionsController#new as HTML
I, [2015-03-05T16:32:58.210623 #28066]  INFO -- :   Rendered devise/shared/_links.html.erb (8.5ms)
I, [2015-03-05T16:32:58.211306 #28066]  INFO -- :   Rendered devise/sessions/new.html.erb within layouts/application (35.6ms)
I, [2015-03-05T16:32:58.224472 #28066]  INFO -- : Completed 200 OK in 177ms (Views: 113.7ms | ActiveRecord: 3.7ms)
I, [2015-03-05T16:32:59.680007 #28066]  INFO -- : Started GET "/mcsq/images/favicon.ico" for 172.56.38.184 at 2015-03-05 16:32:59 -0800
F, [2015-03-05T16:32:59.686489 #28066] FATAL -- : 
ActionController::RoutingError (No route matches [GET] "/images/favicon.ico"):
  actionpack (4.1.8) lib/action_dispatch/middleware/debug_exceptions.rb:21:in `call'
  actionpack (4.1.8) lib/action_dispatch/middleware/show_exceptions.rb:30:in `call'
  railties (4.1.8) lib/rails/rack/logger.rb:38:in `call_app'
  railties (4.1.8) lib/rails/rack/logger.rb:20:in `block in call'
  activesupport (4.1.8) lib/active_support/tagged_logging.rb:68:in `block in tagged'
  activesupport (4.1.8) lib/active_support/tagged_logging.rb:26:in `tagged'
  activesupport (4.1.8) lib/active_support/tagged_logging.rb:68:in `tagged'
  railties (4.1.8) lib/rails/rack/logger.rb:20:in `call'
  actionpack (4.1.8) lib/action_dispatch/middleware/request_id.rb:21:in `call'
  rack (1.5.2) lib/rack/methodoverride.rb:21:in `call'
  rack (1.5.2) lib/rack/runtime.rb:17:in `call'
  activesupport (4.1.8) lib/active_support/cache/strategy/local_cache_middleware.rb:26:in `call'
  rack (1.5.2) lib/rack/sendfile.rb:112:in `call'
  railties (4.1.8) lib/rails/engine.rb:514:in `call'
  railties (4.1.8) lib/rails/application.rb:144:in `call'
  passenger (4.0.58) lib/phusion_passenger/rack/thread_handler_extension.rb:74:in `process_request'
  passenger (4.0.58) lib/phusion_passenger/request_handler/thread_handler.rb:141:in `accept_and_process_next_request'
  passenger (4.0.58) lib/phusion_passenger/request_handler/thread_handler.rb:109:in `main_loop'
  passenger (4.0.58) lib/phusion_passenger/request_handler.rb:455:in `block (3 levels) in start_threads'


I, [2015-03-05T16:32:59.702935 #28066]  INFO -- : Started GET "/mcsq/images/apple-touch-icon-144x144-precomposed.png" for 172.56.38.184 at 2015-03-05 16:32:59 -0800
F, [2015-03-05T16:32:59.705868 #28066] FATAL -- : 
ActionController::RoutingError (No route matches [GET] "/images/apple-touch-icon-144x144-precomposed.png"):
  actionpack (4.1.8) lib/action_dispatch/middleware/debug_exceptions.rb:21:in `call'
  actionpack (4.1.8) lib/action_dispatch/middleware/show_exceptions.rb:30:in `call'
  railties (4.1.8) lib/rails/rack/logger.rb:38:in `call_app'
  railties (4.1.8) lib/rails/rack/logger.rb:20:in `block in call'
  activesupport (4.1.8) lib/active_support/tagged_logging.rb:68:in `block in tagged'
  activesupport (4.1.8) lib/active_support/tagged_logging.rb:26:in `tagged'
  activesupport (4.1.8) lib/active_support/tagged_logging.rb:68:in `tagged'
  railties (4.1.8) lib/rails/rack/logger.rb:20:in `call'
  actionpack (4.1.8) lib/action_dispatch/middleware/request_id.rb:21:in `call'
  rack (1.5.2) lib/rack/methodoverride.rb:21:in `call'
  rack (1.5.2) lib/rack/runtime.rb:17:in `call'
  activesupport (4.1.8) lib/active_support/cache/strategy/local_cache_middleware.rb:26:in `call'
  rack (1.5.2) lib/rack/sendfile.rb:112:in `call'
  railties (4.1.8) lib/rails/engine.rb:514:in `call'
  railties (4.1.8) lib/rails/application.rb:144:in `call'
  passenger (4.0.58) lib/phusion_passenger/rack/thread_handler_extension.rb:74:in `process_request'
  passenger (4.0.58) lib/phusion_passenger/request_handler/thread_handler.rb:141:in `accept_and_process_next_request'
  passenger (4.0.58) lib/phusion_passenger/request_handler/thread_handler.rb:109:in `main_loop'
  passenger (4.0.58) lib/phusion_passenger/request_handler.rb:455:in `block (3 levels) in start_threads'


I, [2015-03-05T16:33:00.090806 #28066]  INFO -- : Started GET "/mcsq/images/apple-touch-icon-precomposed.png" for 172.56.38.184 at 2015-03-05 16:33:00 -0800
F, [2015-03-05T16:33:00.096536 #28066] FATAL -- : 
ActionController::RoutingError (No route matches [GET] "/images/apple-touch-icon-precomposed.png"):
  actionpack (4.1.8) lib/action_dispatch/middleware/debug_exceptions.rb:21:in `call'
  actionpack (4.1.8) lib/action_dispatch/middleware/show_exceptions.rb:30:in `call'
  railties (4.1.8) lib/rails/rack/logger.rb:38:in `call_app'
  railties (4.1.8) lib/rails/rack/logger.rb:20:in `block in call'
  activesupport (4.1.8) lib/active_support/tagged_logging.rb:68:in `block in tagged'
  activesupport (4.1.8) lib/active_support/tagged_logging.rb:26:in `tagged'
  activesupport (4.1.8) lib/active_support/tagged_logging.rb:68:in `tagged'
  railties (4.1.8) lib/rails/rack/logger.rb:20:in `call'
  actionpack (4.1.8) lib/action_dispatch/middleware/request_id.rb:21:in `call'
  rack (1.5.2) lib/rack/methodoverride.rb:21:in `call'
  rack (1.5.2) lib/rack/runtime.rb:17:in `call'
  activesupport (4.1.8) lib/active_support/cache/strategy/local_cache_middleware.rb:26:in `call'
  rack (1.5.2) lib/rack/sendfile.rb:112:in `call'
  railties (4.1.8) lib/rails/engine.rb:514:in `call'
  railties (4.1.8) lib/rails/application.rb:144:in `call'
  passenger (4.0.58) lib/phusion_passenger/rack/thread_handler_extension.rb:74:in `process_request'
  passenger (4.0.58) lib/phusion_passenger/request_handler/thread_handler.rb:141:in `accept_and_process_next_request'
  passenger (4.0.58) lib/phusion_passenger/request_handler/thread_handler.rb:109:in `main_loop'
  passenger (4.0.58) lib/phusion_passenger/request_handler.rb:455:in `block (3 levels) in start_threads'


I, [2015-03-05T16:33:00.350981 #28066]  INFO -- : Started GET "/mcsq/images/apple-touch-icon-72x72-precomposed.png" for 172.56.38.184 at 2015-03-05 16:33:00 -0800
F, [2015-03-05T16:33:00.356575 #28066] FATAL -- : 
ActionController::RoutingError (No route matches [GET] "/images/apple-touch-icon-72x72-precomposed.png"):
  actionpack (4.1.8) lib/action_dispatch/middleware/debug_exceptions.rb:21:in `call'
  actionpack (4.1.8) lib/action_dispatch/middleware/show_exceptions.rb:30:in `call'
  railties (4.1.8) lib/rails/rack/logger.rb:38:in `call_app'
  railties (4.1.8) lib/rails/rack/logger.rb:20:in `block in call'
  activesupport (4.1.8) lib/active_support/tagged_logging.rb:68:in `block in tagged'
  activesupport (4.1.8) lib/active_support/tagged_logging.rb:26:in `tagged'
  activesupport (4.1.8) lib/active_support/tagged_logging.rb:68:in `tagged'
  railties (4.1.8) lib/rails/rack/logger.rb:20:in `call'
  actionpack (4.1.8) lib/action_dispatch/middleware/request_id.rb:21:in `call'
  rack (1.5.2) lib/rack/methodoverride.rb:21:in `call'
  rack (1.5.2) lib/rack/runtime.rb:17:in `call'
  activesupport (4.1.8) lib/active_support/cache/strategy/local_cache_middleware.rb:26:in `call'
  rack (1.5.2) lib/rack/sendfile.rb:112:in `call'
  railties (4.1.8) lib/rails/engine.rb:514:in `call'
  railties (4.1.8) lib/rails/application.rb:144:in `call'
  passenger (4.0.58) lib/phusion_passenger/rack/thread_handler_extension.rb:74:in `process_request'
  passenger (4.0.58) lib/phusion_passenger/request_handler/thread_handler.rb:141:in `accept_and_process_next_request'
  passenger (4.0.58) lib/phusion_passenger/request_handler/thread_handler.rb:109:in `main_loop'
  passenger (4.0.58) lib/phusion_passenger/request_handler.rb:455:in `block (3 levels) in start_threads'


I, [2015-03-05T16:33:00.526823 #28066]  INFO -- : Started GET "/mcsq/images/apple-touch-icon-114x114-precomposed.png" for 172.56.38.184 at 2015-03-05 16:33:00 -0800
F, [2015-03-05T16:33:00.532572 #28066] FATAL -- : 
ActionController::RoutingError (No route matches [GET] "/images/apple-touch-icon-114x114-precomposed.png"):
  actionpack (4.1.8) lib/action_dispatch/middleware/debug_exceptions.rb:21:in `call'
  actionpack (4.1.8) lib/action_dispatch/middleware/show_exceptions.rb:30:in `call'
  railties (4.1.8) lib/rails/rack/logger.rb:38:in `call_app'
  railties (4.1.8) lib/rails/rack/logger.rb:20:in `block in call'
  activesupport (4.1.8) lib/active_support/tagged_logging.rb:68:in `block in tagged'
  activesupport (4.1.8) lib/active_support/tagged_logging.rb:26:in `tagged'
  activesupport (4.1.8) lib/active_support/tagged_logging.rb:68:in `tagged'
  railties (4.1.8) lib/rails/rack/logger.rb:20:in `call'
  actionpack (4.1.8) lib/action_dispatch/middleware/request_id.rb:21:in `call'
  rack (1.5.2) lib/rack/methodoverride.rb:21:in `call'
  rack (1.5.2) lib/rack/runtime.rb:17:in `call'
  activesupport (4.1.8) lib/active_support/cache/strategy/local_cache_middleware.rb:26:in `call'
  rack (1.5.2) lib/rack/sendfile.rb:112:in `call'
  railties (4.1.8) lib/rails/engine.rb:514:in `call'
  railties (4.1.8) lib/rails/application.rb:144:in `call'
  passenger (4.0.58) lib/phusion_passenger/rack/thread_handler_extension.rb:74:in `process_request'
  passenger (4.0.58) lib/phusion_passenger/request_handler/thread_handler.rb:141:in `accept_and_process_next_request'
  passenger (4.0.58) lib/phusion_passenger/request_handler/thread_handler.rb:109:in `main_loop'
  passenger (4.0.58) lib/phusion_passenger/request_handler.rb:455:in `block (3 levels) in start_threads'


I, [2015-03-05T17:07:25.422316 #28066]  INFO -- : Started GET "/mcsq/images/favicon.ico" for 73.185.53.114 at 2015-03-05 17:07:25 -0800
F, [2015-03-05T17:07:25.427815 #28066] FATAL -- : 
ActionController::RoutingError (No route matches [GET] "/images/favicon.ico"):
  actionpack (4.1.8) lib/action_dispatch/middleware/debug_exceptions.rb:21:in `call'
  actionpack (4.1.8) lib/action_dispatch/middleware/show_exceptions.rb:30:in `call'
  railties (4.1.8) lib/rails/rack/logger.rb:38:in `call_app'
  railties (4.1.8) lib/rails/rack/logger.rb:20:in `block in call'
  activesupport (4.1.8) lib/active_support/tagged_logging.rb:68:in `block in tagged'
  activesupport (4.1.8) lib/active_support/tagged_logging.rb:26:in `tagged'
  activesupport (4.1.8) lib/active_support/tagged_logging.rb:68:in `tagged'
  railties (4.1.8) lib/rails/rack/logger.rb:20:in `call'
  actionpack (4.1.8) lib/action_dispatch/middleware/request_id.rb:21:in `call'
  rack (1.5.2) lib/rack/methodoverride.rb:21:in `call'
  rack (1.5.2) lib/rack/runtime.rb:17:in `call'
  activesupport (4.1.8) lib/active_support/cache/strategy/local_cache_middleware.rb:26:in `call'
  rack (1.5.2) lib/rack/sendfile.rb:112:in `call'
  railties (4.1.8) lib/rails/engine.rb:514:in `call'
  railties (4.1.8) lib/rails/application.rb:144:in `call'
  passenger (4.0.58) lib/phusion_passenger/rack/thread_handler_extension.rb:74:in `process_request'
  passenger (4.0.58) lib/phusion_passenger/request_handler/thread_handler.rb:141:in `accept_and_process_next_request'
  passenger (4.0.58) lib/phusion_passenger/request_handler/thread_handler.rb:109:in `main_loop'
  passenger (4.0.58) lib/phusion_passenger/request_handler.rb:455:in `block (3 levels) in start_threads'


I, [2015-03-05T17:07:25.450829 #28066]  INFO -- : Started GET "/mcsq/images/apple-touch-icon-144x144-precomposed.png" for 73.185.53.114 at 2015-03-05 17:07:25 -0800
F, [2015-03-05T17:07:25.456331 #28066] FATAL -- : 
ActionController::RoutingError (No route matches [GET] "/images/apple-touch-icon-144x144-precomposed.png"):
  actionpack (4.1.8) lib/action_dispatch/middleware/debug_exceptions.rb:21:in `call'
  actionpack (4.1.8) lib/action_dispatch/middleware/show_exceptions.rb:30:in `call'
  railties (4.1.8) lib/rails/rack/logger.rb:38:in `call_app'
  railties (4.1.8) lib/rails/rack/logger.rb:20:in `block in call'
  activesupport (4.1.8) lib/active_support/tagged_logging.rb:68:in `block in tagged'
  activesupport (4.1.8) lib/active_support/tagged_logging.rb:26:in `tagged'
  activesupport (4.1.8) lib/active_support/tagged_logging.rb:68:in `tagged'
  railties (4.1.8) lib/rails/rack/logger.rb:20:in `call'
  actionpack (4.1.8) lib/action_dispatch/middleware/request_id.rb:21:in `call'
  rack (1.5.2) lib/rack/methodoverride.rb:21:in `call'
  rack (1.5.2) lib/rack/runtime.rb:17:in `call'
  activesupport (4.1.8) lib/active_support/cache/strategy/local_cache_middleware.rb:26:in `call'
  rack (1.5.2) lib/rack/sendfile.rb:112:in `call'
  railties (4.1.8) lib/rails/engine.rb:514:in `call'
  railties (4.1.8) lib/rails/application.rb:144:in `call'
  passenger (4.0.58) lib/phusion_passenger/rack/thread_handler_extension.rb:74:in `process_request'
  passenger (4.0.58) lib/phusion_passenger/request_handler/thread_handler.rb:141:in `accept_and_process_next_request'
  passenger (4.0.58) lib/phusion_passenger/request_handler/thread_handler.rb:109:in `main_loop'
  passenger (4.0.58) lib/phusion_passenger/request_handler.rb:455:in `block (3 levels) in start_threads'


I, [2015-03-05T17:07:25.528098 #28066]  INFO -- : Started GET "/mcsq/images/apple-touch-icon-precomposed.png" for 73.185.53.114 at 2015-03-05 17:07:25 -0800
F, [2015-03-05T17:07:25.533185 #28066] FATAL -- : 
ActionController::RoutingError (No route matches [GET] "/images/apple-touch-icon-precomposed.png"):
  actionpack (4.1.8) lib/action_dispatch/middleware/debug_exceptions.rb:21:in `call'
  actionpack (4.1.8) lib/action_dispatch/middleware/show_exceptions.rb:30:in `call'
  railties (4.1.8) lib/rails/rack/logger.rb:38:in `call_app'
  railties (4.1.8) lib/rails/rack/logger.rb:20:in `block in call'
  activesupport (4.1.8) lib/active_support/tagged_logging.rb:68:in `block in tagged'
  activesupport (4.1.8) lib/active_support/tagged_logging.rb:26:in `tagged'
  activesupport (4.1.8) lib/active_support/tagged_logging.rb:68:in `tagged'
  railties (4.1.8) lib/rails/rack/logger.rb:20:in `call'
  actionpack (4.1.8) lib/action_dispatch/middleware/request_id.rb:21:in `call'
  rack (1.5.2) lib/rack/methodoverride.rb:21:in `call'
  rack (1.5.2) lib/rack/runtime.rb:17:in `call'
  activesupport (4.1.8) lib/active_support/cache/strategy/local_cache_middleware.rb:26:in `call'
  rack (1.5.2) lib/rack/sendfile.rb:112:in `call'
  railties (4.1.8) lib/rails/engine.rb:514:in `call'
  railties (4.1.8) lib/rails/application.rb:144:in `call'
  passenger (4.0.58) lib/phusion_passenger/rack/thread_handler_extension.rb:74:in `process_request'
  passenger (4.0.58) lib/phusion_passenger/request_handler/thread_handler.rb:141:in `accept_and_process_next_request'
  passenger (4.0.58) lib/phusion_passenger/request_handler/thread_handler.rb:109:in `main_loop'
  passenger (4.0.58) lib/phusion_passenger/request_handler.rb:455:in `block (3 levels) in start_threads'


I, [2015-03-05T17:07:25.575506 #28066]  INFO -- : Started GET "/mcsq/images/apple-touch-icon-72x72-precomposed.png" for 73.185.53.114 at 2015-03-05 17:07:25 -0800
F, [2015-03-05T17:07:25.580946 #28066] FATAL -- : 
ActionController::RoutingError (No route matches [GET] "/images/apple-touch-icon-72x72-precomposed.png"):
  actionpack (4.1.8) lib/action_dispatch/middleware/debug_exceptions.rb:21:in `call'
  actionpack (4.1.8) lib/action_dispatch/middleware/show_exceptions.rb:30:in `call'
  railties (4.1.8) lib/rails/rack/logger.rb:38:in `call_app'
  railties (4.1.8) lib/rails/rack/logger.rb:20:in `block in call'
  activesupport (4.1.8) lib/active_support/tagged_logging.rb:68:in `block in tagged'
  activesupport (4.1.8) lib/active_support/tagged_logging.rb:26:in `tagged'
  activesupport (4.1.8) lib/active_support/tagged_logging.rb:68:in `tagged'
  railties (4.1.8) lib/rails/rack/logger.rb:20:in `call'
  actionpack (4.1.8) lib/action_dispatch/middleware/request_id.rb:21:in `call'
  rack (1.5.2) lib/rack/methodoverride.rb:21:in `call'
  rack (1.5.2) lib/rack/runtime.rb:17:in `call'
  activesupport (4.1.8) lib/active_support/cache/strategy/local_cache_middleware.rb:26:in `call'
  rack (1.5.2) lib/rack/sendfile.rb:112:in `call'
  railties (4.1.8) lib/rails/engine.rb:514:in `call'
  railties (4.1.8) lib/rails/application.rb:144:in `call'
  passenger (4.0.58) lib/phusion_passenger/rack/thread_handler_extension.rb:74:in `process_request'
  passenger (4.0.58) lib/phusion_passenger/request_handler/thread_handler.rb:141:in `accept_and_process_next_request'
  passenger (4.0.58) lib/phusion_passenger/request_handler/thread_handler.rb:109:in `main_loop'
  passenger (4.0.58) lib/phusion_passenger/request_handler.rb:455:in `block (3 levels) in start_threads'


I, [2015-03-05T17:07:25.623811 #28066]  INFO -- : Started GET "/mcsq/images/apple-touch-icon-114x114-precomposed.png" for 73.185.53.114 at 2015-03-05 17:07:25 -0800
F, [2015-03-05T17:07:25.629144 #28066] FATAL -- : 
ActionController::RoutingError (No route matches [GET] "/images/apple-touch-icon-114x114-precomposed.png"):
  actionpack (4.1.8) lib/action_dispatch/middleware/debug_exceptions.rb:21:in `call'
  actionpack (4.1.8) lib/action_dispatch/middleware/show_exceptions.rb:30:in `call'
  railties (4.1.8) lib/rails/rack/logger.rb:38:in `call_app'
  railties (4.1.8) lib/rails/rack/logger.rb:20:in `block in call'
  activesupport (4.1.8) lib/active_support/tagged_logging.rb:68:in `block in tagged'
  activesupport (4.1.8) lib/active_support/tagged_logging.rb:26:in `tagged'
  activesupport (4.1.8) lib/active_support/tagged_logging.rb:68:in `tagged'
  railties (4.1.8) lib/rails/rack/logger.rb:20:in `call'
  actionpack (4.1.8) lib/action_dispatch/middleware/request_id.rb:21:in `call'
  rack (1.5.2) lib/rack/methodoverride.rb:21:in `call'
  rack (1.5.2) lib/rack/runtime.rb:17:in `call'
  activesupport (4.1.8) lib/active_support/cache/strategy/local_cache_middleware.rb:26:in `call'
  rack (1.5.2) lib/rack/sendfile.rb:112:in `call'
  railties (4.1.8) lib/rails/engine.rb:514:in `call'
  railties (4.1.8) lib/rails/application.rb:144:in `call'
  passenger (4.0.58) lib/phusion_passenger/rack/thread_handler_extension.rb:74:in `process_request'
  passenger (4.0.58) lib/phusion_passenger/request_handler/thread_handler.rb:141:in `accept_and_process_next_request'
  passenger (4.0.58) lib/phusion_passenger/request_handler/thread_handler.rb:109:in `main_loop'
  passenger (4.0.58) lib/phusion_passenger/request_handler.rb:455:in `block (3 levels) in start_threads'


I, [2015-03-05T19:02:04.658108 #28066]  INFO -- : Started GET "/mcsq/images/favicon.ico" for 73.185.53.114 at 2015-03-05 19:02:04 -0800
F, [2015-03-05T19:02:04.663643 #28066] FATAL -- : 
ActionController::RoutingError (No route matches [GET] "/images/favicon.ico"):
  actionpack (4.1.8) lib/action_dispatch/middleware/debug_exceptions.rb:21:in `call'
  actionpack (4.1.8) lib/action_dispatch/middleware/show_exceptions.rb:30:in `call'
  railties (4.1.8) lib/rails/rack/logger.rb:38:in `call_app'
  railties (4.1.8) lib/rails/rack/logger.rb:20:in `block in call'
  activesupport (4.1.8) lib/active_support/tagged_logging.rb:68:in `block in tagged'
  activesupport (4.1.8) lib/active_support/tagged_logging.rb:26:in `tagged'
  activesupport (4.1.8) lib/active_support/tagged_logging.rb:68:in `tagged'
  railties (4.1.8) lib/rails/rack/logger.rb:20:in `call'
  actionpack (4.1.8) lib/action_dispatch/middleware/request_id.rb:21:in `call'
  rack (1.5.2) lib/rack/methodoverride.rb:21:in `call'
  rack (1.5.2) lib/rack/runtime.rb:17:in `call'
  activesupport (4.1.8) lib/active_support/cache/strategy/local_cache_middleware.rb:26:in `call'
  rack (1.5.2) lib/rack/sendfile.rb:112:in `call'
  railties (4.1.8) lib/rails/engine.rb:514:in `call'
  railties (4.1.8) lib/rails/application.rb:144:in `call'
  passenger (4.0.58) lib/phusion_passenger/rack/thread_handler_extension.rb:74:in `process_request'
  passenger (4.0.58) lib/phusion_passenger/request_handler/thread_handler.rb:141:in `accept_and_process_next_request'
  passenger (4.0.58) lib/phusion_passenger/request_handler/thread_handler.rb:109:in `main_loop'
  passenger (4.0.58) lib/phusion_passenger/request_handler.rb:455:in `block (3 levels) in start_threads'


I, [2015-03-05T19:02:04.668285 #28066]  INFO -- : Started GET "/mcsq/images/apple-touch-icon-144x144-precomposed.png" for 73.185.53.114 at 2015-03-05 19:02:04 -0800
F, [2015-03-05T19:02:04.674735 #28066] FATAL -- : 
ActionController::RoutingError (No route matches [GET] "/images/apple-touch-icon-144x144-precomposed.png"):
  actionpack (4.1.8) lib/action_dispatch/middleware/debug_exceptions.rb:21:in `call'
  actionpack (4.1.8) lib/action_dispatch/middleware/show_exceptions.rb:30:in `call'
  railties (4.1.8) lib/rails/rack/logger.rb:38:in `call_app'
  railties (4.1.8) lib/rails/rack/logger.rb:20:in `block in call'
  activesupport (4.1.8) lib/active_support/tagged_logging.rb:68:in `block in tagged'
  activesupport (4.1.8) lib/active_support/tagged_logging.rb:26:in `tagged'
  activesupport (4.1.8) lib/active_support/tagged_logging.rb:68:in `tagged'
  railties (4.1.8) lib/rails/rack/logger.rb:20:in `call'
  actionpack (4.1.8) lib/action_dispatch/middleware/request_id.rb:21:in `call'
  rack (1.5.2) lib/rack/methodoverride.rb:21:in `call'
  rack (1.5.2) lib/rack/runtime.rb:17:in `call'
  activesupport (4.1.8) lib/active_support/cache/strategy/local_cache_middleware.rb:26:in `call'
  rack (1.5.2) lib/rack/sendfile.rb:112:in `call'
  railties (4.1.8) lib/rails/engine.rb:514:in `call'
  railties (4.1.8) lib/rails/application.rb:144:in `call'
  passenger (4.0.58) lib/phusion_passenger/rack/thread_handler_extension.rb:74:in `process_request'
  passenger (4.0.58) lib/phusion_passenger/request_handler/thread_handler.rb:141:in `accept_and_process_next_request'
  passenger (4.0.58) lib/phusion_passenger/request_handler/thread_handler.rb:109:in `main_loop'
  passenger (4.0.58) lib/phusion_passenger/request_handler.rb:455:in `block (3 levels) in start_threads'


